TN:
SF:middleware/auth.js
FN:20,(anonymous_0)
FN:43,(anonymous_1)
FNF:2
FNH:1
FNDA:4,(anonymous_0)
FNDA:0,(anonymous_1)
DA:1,1
DA:2,1
DA:5,1
DA:11,1
DA:14,1
DA:15,0
DA:16,0
DA:20,1
DA:22,4
DA:23,1
DA:27,3
DA:29,3
DA:30,1
DA:33,2
DA:34,2
DA:35,1
DA:36,1
DA:38,1
DA:43,1
DA:45,0
DA:47,0
DA:49,0
DA:50,0
DA:53,0
DA:54,0
DA:55,0
DA:57,0
DA:62,0
DA:64,0
DA:65,0
DA:68,0
DA:70,0
DA:72,0
DA:73,0
DA:78,0
DA:80,0
DA:81,0
DA:85,1
LF:38
LH:18
BRDA:6,0,0,1
BRDA:6,0,1,1
BRDA:7,1,0,0
BRDA:7,1,1,1
BRDA:11,2,0,1
BRDA:11,2,1,1
BRDA:14,3,0,0
BRDA:14,3,1,1
BRDA:14,4,0,1
BRDA:14,4,1,0
BRDA:22,5,0,1
BRDA:22,5,1,3
BRDA:22,6,0,4
BRDA:22,6,1,4
BRDA:27,7,0,3
BRDA:27,7,1,1
BRDA:29,8,0,1
BRDA:29,8,1,2
BRDA:45,9,0,0
BRDA:45,9,1,0
BRDA:45,10,0,0
BRDA:45,10,1,0
BRDA:47,11,0,0
BRDA:47,11,1,0
BRDA:49,12,0,0
BRDA:49,12,1,0
BRDA:62,13,0,0
BRDA:62,13,1,0
BRDA:64,14,0,0
BRDA:64,14,1,0
BRDA:72,15,0,0
BRDA:72,15,1,0
BRDA:72,16,0,0
BRDA:72,16,1,0
BRF:34
BRH:15
end_of_record
TN:
SF:middleware/security.js
FN:71,(anonymous_0)
FNF:1
FNH:0
FNDA:0,(anonymous_0)
DA:1,0
DA:2,0
DA:3,0
DA:6,0
DA:15,0
DA:27,0
DA:39,0
DA:51,0
DA:71,0
DA:72,0
DA:75,0
DA:81,0
LF:12
LH:0
BRDA:72,0,0,0
BRDA:72,0,1,0
BRF:2
BRH:0
end_of_record
TN:
SF:middleware/upload.js
FN:13,(anonymous_0)
FN:16,(anonymous_1)
FN:25,(anonymous_2)
FNF:3
FNH:0
FNDA:0,(anonymous_0)
FNDA:0,(anonymous_1)
FNDA:0,(anonymous_2)
DA:1,0
DA:2,0
DA:3,0
DA:6,0
DA:7,0
DA:8,0
DA:12,0
DA:14,0
DA:18,0
DA:19,0
DA:20,0
DA:25,0
DA:27,0
DA:28,0
DA:30,0
DA:35,0
DA:43,0
LF:17
LH:0
BRDA:7,0,0,0
BRDA:7,0,1,0
BRDA:27,1,0,0
BRDA:27,1,1,0
BRDA:27,2,0,0
BRDA:27,2,1,0
BRF:6
BRH:0
end_of_record
TN:
SF:middleware/validation.js
FN:38,(anonymous_0)
FN:106,handleValidationErrors
FNF:2
FNH:0
FNDA:0,(anonymous_0)
FNDA:0,handleValidationErrors
DA:5,0
DA:8,0
DA:14,0
DA:20,0
DA:26,0
DA:33,0
DA:39,0
DA:40,0
DA:42,0
DA:50,0
DA:57,0
DA:64,0
DA:70,0
DA:76,0
DA:83,0
DA:92,0
DA:107,0
DA:108,0
DA:110,0
DA:111,0
DA:115,0
DA:121,0
DA:124,0
LF:23
LH:0
BRDA:39,0,0,0
BRDA:39,0,1,0
BRDA:108,1,0,0
BRDA:108,1,1,0
BRDA:110,2,0,0
BRDA:110,2,1,0
BRF:6
BRH:0
end_of_record
TN:
SF:routes/admin.js
FN:18,(anonymous_0)
FN:59,(anonymous_1)
FN:95,(anonymous_2)
FN:114,(anonymous_3)
FN:133,(anonymous_4)
FN:152,(anonymous_5)
FN:196,(anonymous_6)
FN:358,(anonymous_7)
FN:372,(anonymous_8)
FN:394,(anonymous_9)
FN:427,(anonymous_10)
FN:461,(anonymous_11)
FN:483,(anonymous_12)
FN:518,(anonymous_13)
FN:551,(anonymous_14)
FN:611,(anonymous_15)
FN:640,(anonymous_16)
FN:677,(anonymous_17)
FN:720,(anonymous_18)
FNF:19
FNH:0
FNDA:0,(anonymous_0)
FNDA:0,(anonymous_1)
FNDA:0,(anonymous_2)
FNDA:0,(anonymous_3)
FNDA:0,(anonymous_4)
FNDA:0,(anonymous_5)
FNDA:0,(anonymous_6)
FNDA:0,(anonymous_7)
FNDA:0,(anonymous_8)
FNDA:0,(anonymous_9)
FNDA:0,(anonymous_10)
FNDA:0,(anonymous_11)
FNDA:0,(anonymous_12)
FNDA:0,(anonymous_13)
FNDA:0,(anonymous_14)
FNDA:0,(anonymous_15)
FNDA:0,(anonymous_16)
FNDA:0,(anonymous_17)
FNDA:0,(anonymous_18)
DA:1,0
DA:2,0
DA:3,0
DA:4,0
DA:5,0
DA:6,0
DA:7,0
DA:8,0
DA:9,0
DA:12,0
DA:18,0
DA:19,0
DA:21,0
DA:22,0
DA:23,0
DA:24,0
DA:26,0
DA:34,0
DA:42,0
DA:44,0
DA:53,0
DA:54,0
DA:59,0
DA:60,0
DA:61,0
DA:62,0
DA:63,0
DA:66,0
DA:73,0
DA:76,0
DA:77,0
DA:78,0
DA:79,0
DA:81,0
DA:89,0
DA:90,0
DA:95,0
DA:96,0
DA:98,0
DA:99,0
DA:101,0
DA:108,0
DA:109,0
DA:114,0
DA:115,0
DA:116,0
DA:117,0
DA:120,0
DA:123,0
DA:125,0
DA:127,0
DA:128,0
DA:133,0
DA:134,0
DA:136,0
DA:137,0
DA:139,0
DA:146,0
DA:147,0
DA:152,0
DA:153,0
DA:154,0
DA:157,0
DA:163,0
DA:165,0
DA:166,0
DA:169,0
DA:172,0
DA:176,0
DA:179,0
DA:180,0
DA:182,0
DA:190,0
DA:191,0
DA:196,0
DA:197,0
DA:221,0
DA:223,0
DA:225,0
DA:226,0
DA:228,0
DA:230,0
DA:232,0
DA:266,0
DA:288,0
DA:292,0
DA:297,0
DA:299,0
DA:324,0
DA:342,0
DA:344,0
DA:346,0
DA:347,0
DA:349,0
DA:352,0
DA:353,0
DA:358,0
DA:359,0
DA:360,0
DA:362,0
DA:364,0
DA:366,0
DA:367,0
DA:372,0
DA:373,0
DA:375,0
DA:381,0
DA:383,0
DA:388,0
DA:389,0
DA:394,0
DA:395,0
DA:396,0
DA:398,0
DA:400,0
DA:401,0
DA:403,0
DA:404,0
DA:407,0
DA:414,0
DA:421,0
DA:422,0
DA:427,0
DA:428,0
DA:429,0
DA:431,0
DA:433,0
DA:445,0
DA:453,0
DA:455,0
DA:456,0
DA:461,0
DA:462,0
DA:463,0
DA:466,0
DA:467,0
DA:469,0
DA:470,0
DA:473,0
DA:475,0
DA:477,0
DA:478,0
DA:483,0
DA:484,0
DA:485,0
DA:486,0
DA:487,0
DA:490,0
DA:496,0
DA:499,0
DA:500,0
DA:501,0
DA:502,0
DA:504,0
DA:512,0
DA:513,0
DA:518,0
DA:519,0
DA:520,0
DA:522,0
DA:524,0
DA:525,0
DA:527,0
DA:528,0
DA:531,0
DA:538,0
DA:545,0
DA:546,0
DA:551,0
DA:552,0
DA:553,0
DA:555,0
DA:557,0
DA:559,0
DA:561,0
DA:575,0
DA:589,0
DA:590,0
DA:593,0
DA:595,0
DA:603,0
DA:605,0
DA:606,0
DA:611,0
DA:612,0
DA:613,0
DA:616,0
DA:617,0
DA:620,0
DA:621,0
DA:623,0
DA:624,0
DA:626,0
DA:627,0
DA:630,0
DA:632,0
DA:634,0
DA:635,0
DA:640,0
DA:641,0
DA:642,0
DA:643,0
DA:644,0
DA:647,0
DA:655,0
DA:658,0
DA:659,0
DA:660,0
DA:661,0
DA:663,0
DA:671,0
DA:672,0
DA:677,0
DA:678,0
DA:679,0
DA:682,0
DA:691,0
DA:693,0
DA:694,0
DA:697,0
DA:700,0
DA:706,0
DA:708,0
DA:714,0
DA:715,0
DA:720,0
DA:721,0
DA:722,0
DA:723,0
DA:725,0
DA:730,0
DA:732,0
DA:733,0
DA:737,0
LF:234
LH:0
BRDA:61,0,0,0
BRDA:61,0,1,0
BRDA:116,1,0,0
BRDA:116,1,1,0
BRDA:128,2,0,0
BRDA:128,2,1,0
BRDA:165,3,0,0
BRDA:165,3,1,0
BRDA:185,4,0,0
BRDA:185,4,1,0
BRDA:230,5,0,0
BRDA:230,5,1,0
BRDA:253,6,0,0
BRDA:253,6,1,0
BRDA:254,7,0,0
BRDA:254,7,1,0
BRDA:255,8,0,0
BRDA:255,8,1,0
BRDA:277,9,0,0
BRDA:277,9,1,0
BRDA:278,10,0,0
BRDA:278,10,1,0
BRDA:279,11,0,0
BRDA:279,11,1,0
BRDA:297,12,0,0
BRDA:297,12,1,0
BRDA:398,13,0,0
BRDA:398,13,1,0
BRDA:403,14,0,0
BRDA:403,14,1,0
BRDA:431,15,0,0
BRDA:431,15,1,0
BRDA:469,16,0,0
BRDA:469,16,1,0
BRDA:485,17,0,0
BRDA:485,17,1,0
BRDA:522,18,0,0
BRDA:522,18,1,0
BRDA:527,19,0,0
BRDA:527,19,1,0
BRDA:555,20,0,0
BRDA:555,20,1,0
BRDA:557,21,0,0
BRDA:557,21,1,0
BRDA:589,22,0,0
BRDA:589,22,1,0
BRDA:616,23,0,0
BRDA:616,23,1,0
BRDA:626,24,0,0
BRDA:626,24,1,0
BRDA:626,25,0,0
BRDA:626,25,1,0
BRDA:642,26,0,0
BRDA:642,26,1,0
BRDA:693,27,0,0
BRDA:693,27,1,0
BRF:56
BRH:0
end_of_record
TN:
SF:routes/auth.js
FN:17,(anonymous_0)
FN:26,(anonymous_1)
FN:78,(anonymous_2)
FN:87,(anonymous_3)
FN:134,(anonymous_4)
FN:144,(anonymous_5)
FNF:6
FNH:0
FNDA:0,(anonymous_0)
FNDA:0,(anonymous_1)
FNDA:0,(anonymous_2)
FNDA:0,(anonymous_3)
FNDA:0,(anonymous_4)
FNDA:0,(anonymous_5)
DA:1,0
DA:2,0
DA:3,0
DA:4,0
DA:5,0
DA:6,0
DA:7,0
DA:8,0
DA:11,0
DA:17,0
DA:18,0
DA:26,0
DA:27,0
DA:28,0
DA:31,0
DA:33,0
DA:34,0
DA:37,0
DA:40,0
DA:42,0
DA:43,0
DA:47,0
DA:48,0
DA:51,0
DA:52,0
DA:58,0
DA:66,0
DA:67,0
DA:69,0
DA:72,0
DA:73,0
DA:78,0
DA:79,0
DA:87,0
DA:88,0
DA:89,0
DA:92,0
DA:93,0
DA:97,0
DA:99,0
DA:100,0
DA:104,0
DA:107,0
DA:114,0
DA:117,0
DA:118,0
DA:121,0
DA:127,0
DA:133,0
DA:134,0
DA:136,0
DA:138,0
DA:139,0
DA:144,0
DA:146,0
DA:149,0
DA:151,0
DA:154,0
LF:58
LH:0
BRDA:33,0,0,0
BRDA:33,0,1,0
BRDA:42,1,0,0
BRDA:42,1,1,0
BRDA:51,2,0,0
BRDA:51,2,1,0
BRDA:66,3,0,0
BRDA:66,3,1,0
BRDA:92,4,0,0
BRDA:92,4,1,0
BRDA:99,5,0,0
BRDA:99,5,1,0
BRF:12
BRH:0
end_of_record
TN:
SF:routes/cart.js
FN:12,(anonymous_0)
FN:61,(anonymous_1)
FN:89,(anonymous_2)
FN:124,(anonymous_3)
FNF:4
FNH:0
FNDA:0,(anonymous_0)
FNDA:0,(anonymous_1)
FNDA:0,(anonymous_2)
FNDA:0,(anonymous_3)
DA:1,0
DA:2,0
DA:3,0
DA:6,0
DA:12,0
DA:13,0
DA:16,0
DA:18,0
DA:23,0
DA:25,0
DA:30,0
DA:32,0
DA:36,0
DA:38,0
DA:40,0
DA:44,0
DA:45,0
DA:50,0
DA:57,0
DA:60,0
DA:61,0
DA:62,0
DA:63,0
DA:64,0
DA:66,0
DA:74,0
DA:83,0
DA:84,0
DA:89,0
DA:90,0
DA:92,0
DA:93,0
DA:97,0
DA:102,0
DA:103,0
DA:106,0
DA:109,0
DA:116,0
DA:118,0
DA:119,0
DA:123,0
DA:124,0
DA:125,0
DA:126,0
DA:127,0
DA:129,0
DA:138,0
DA:144,0
DA:147,0
DA:152,0
DA:154,0
DA:165,0
DA:166,0
DA:170,0
LF:54
LH:0
BRDA:16,0,0,0
BRDA:16,0,1,0
BRDA:23,1,0,0
BRDA:23,1,1,0
BRDA:38,2,0,0
BRDA:38,2,1,0
BRDA:92,3,0,0
BRDA:92,3,1,0
BRDA:102,4,0,0
BRDA:102,4,1,0
BRDA:118,5,0,0
BRDA:118,5,1,0
BRDA:161,6,0,0
BRDA:161,6,1,0
BRF:14
BRH:0
end_of_record
TN:
SF:routes/search.js
FN:12,(anonymous_0)
FNF:1
FNH:0
FNDA:0,(anonymous_0)
DA:1,0
DA:2,0
DA:3,0
DA:6,0
DA:12,0
DA:13,0
DA:14,0
DA:15,0
DA:16,0
DA:17,0
DA:20,0
DA:27,0
DA:28,0
DA:31,0
DA:32,0
DA:40,0
DA:41,0
DA:45,0
DA:46,0
DA:47,0
DA:48,0
DA:52,0
DA:53,0
DA:54,0
DA:55,0
DA:59,0
DA:60,0
DA:61,0
DA:62,0
DA:65,0
DA:66,0
DA:67,0
DA:68,0
DA:72,0
DA:73,0
DA:75,0
DA:76,0
DA:78,0
DA:79,0
DA:81,0
DA:82,0
DA:84,0
DA:85,0
DA:88,0
DA:89,0
DA:100,0
DA:101,0
DA:103,0
DA:108,0
DA:109,0
DA:120,0
DA:121,0
DA:123,0
DA:128,0
DA:129,0
DA:132,0
DA:135,0
DA:142,0
DA:143,0
DA:146,0
DA:147,0
DA:155,0
DA:156,0
DA:160,0
DA:161,0
DA:162,0
DA:163,0
DA:167,0
DA:168,0
DA:169,0
DA:170,0
DA:174,0
DA:175,0
DA:176,0
DA:177,0
DA:180,0
DA:181,0
DA:182,0
DA:183,0
DA:186,0
DA:187,0
DA:188,0
DA:191,0
DA:198,0
DA:201,0
DA:208,0
DA:211,0
DA:215,0
DA:217,0
DA:239,0
DA:240,0
DA:244,0
LF:92
LH:0
BRDA:15,0,0,0
BRDA:15,0,1,0
BRDA:31,1,0,0
BRDA:31,1,1,0
BRDA:45,2,0,0
BRDA:45,2,1,0
BRDA:52,3,0,0
BRDA:52,3,1,0
BRDA:59,4,0,0
BRDA:59,4,1,0
BRDA:65,5,0,0
BRDA:65,5,1,0
BRDA:72,6,0,0
BRDA:72,6,1,0
BRDA:73,7,0,0
BRDA:73,7,1,0
BRDA:73,7,2,0
BRDA:73,7,3,0
BRDA:73,7,4,0
BRDA:88,8,0,0
BRDA:88,8,1,0
BRDA:108,9,0,0
BRDA:108,9,1,0
BRDA:146,10,0,0
BRDA:146,10,1,0
BRDA:160,11,0,0
BRDA:160,11,1,0
BRDA:167,12,0,0
BRDA:167,12,1,0
BRDA:174,13,0,0
BRDA:174,13,1,0
BRDA:180,14,0,0
BRDA:180,14,1,0
BRDA:218,15,0,0
BRDA:218,15,1,0
BRDA:219,16,0,0
BRDA:219,16,1,0
BRDA:221,17,0,0
BRDA:221,17,1,0
BRDA:225,18,0,0
BRDA:225,18,1,0
BRDA:226,19,0,0
BRDA:226,19,1,0
BRDA:227,20,0,0
BRDA:227,20,1,0
BRDA:236,21,0,0
BRDA:236,21,1,0
BRF:47
BRH:0
end_of_record
TN:
SF:routes/user.js
FN:15,(anonymous_0)
FN:52,(anonymous_1)
FN:119,(anonymous_2)
FN:141,(anonymous_3)
FN:178,(anonymous_4)
FN:264,(anonymous_5)
FN:281,(anonymous_6)
FN:303,(anonymous_7)
FN:344,(anonymous_8)
FN:356,(anonymous_9)
FNF:10
FNH:0
FNDA:0,(anonymous_0)
FNDA:0,(anonymous_1)
FNDA:0,(anonymous_2)
FNDA:0,(anonymous_3)
FNDA:0,(anonymous_4)
FNDA:0,(anonymous_5)
FNDA:0,(anonymous_6)
FNDA:0,(anonymous_7)
FNDA:0,(anonymous_8)
FNDA:0,(anonymous_9)
DA:1,0
DA:2,0
DA:3,0
DA:4,0
DA:5,0
DA:6,0
DA:9,0
DA:15,0
DA:16,0
DA:18,0
DA:23,0
DA:25,0
DA:26,0
DA:29,0
DA:32,0
DA:38,0
DA:40,0
DA:46,0
DA:47,0
DA:52,0
DA:53,0
DA:54,0
DA:57,0
DA:59,0
DA:60,0
DA:63,0
DA:74,0
DA:75,0
DA:76,0
DA:80,0
DA:85,0
DA:87,0
DA:88,0
DA:92,0
DA:94,0
DA:103,0
DA:105,0
DA:107,0
DA:108,0
DA:110,0
DA:113,0
DA:114,0
DA:119,0
DA:120,0
DA:122,0
DA:128,0
DA:130,0
DA:135,0
DA:136,0
DA:141,0
DA:142,0
DA:143,0
DA:145,0
DA:147,0
DA:152,0
DA:154,0
DA:155,0
DA:158,0
DA:165,0
DA:172,0
DA:173,0
DA:178,0
DA:179,0
DA:189,0
DA:191,0
DA:193,0
DA:194,0
DA:197,0
DA:198,0
DA:204,0
DA:206,0
DA:231,0
DA:248,0
DA:250,0
DA:252,0
DA:253,0
DA:255,0
DA:258,0
DA:259,0
DA:264,0
DA:265,0
DA:266,0
DA:268,0
DA:273,0
DA:275,0
DA:276,0
DA:281,0
DA:282,0
DA:284,0
DA:290,0
DA:292,0
DA:297,0
DA:298,0
DA:303,0
DA:304,0
DA:305,0
DA:308,0
DA:315,0
DA:317,0
DA:318,0
DA:321,0
DA:324,0
DA:330,0
DA:332,0
DA:338,0
DA:339,0
DA:344,0
DA:345,0
DA:346,0
DA:350,0
DA:351,0
DA:356,0
DA:357,0
DA:358,0
DA:361,0
DA:370,0
DA:372,0
DA:373,0
DA:376,0
DA:379,0
DA:380,0
DA:386,0
DA:392,0
DA:394,0
DA:400,0
DA:401,0
DA:405,0
LF:127
LH:0
BRDA:25,0,0,0
BRDA:25,0,1,0
BRDA:74,1,0,0
BRDA:74,1,1,0
BRDA:74,2,0,0
BRDA:74,2,1,0
BRDA:74,2,2,0
BRDA:75,3,0,0
BRDA:75,3,1,0
BRDA:87,4,0,0
BRDA:87,4,1,0
BRDA:114,5,0,0
BRDA:114,5,1,0
BRDA:145,6,0,0
BRDA:145,6,1,0
BRDA:154,7,0,0
BRDA:154,7,1,0
BRDA:197,8,0,0
BRDA:197,8,1,0
BRDA:204,9,0,0
BRDA:204,9,1,0
BRDA:317,10,0,0
BRDA:317,10,1,0
BRDA:372,11,0,0
BRDA:372,11,1,0
BRDA:379,12,0,0
BRDA:379,12,1,0
BRDA:379,13,0,0
BRDA:379,13,1,0
BRF:29
BRH:0
end_of_record
TN:
SF:routes/api/cart.js
FN:13,(anonymous_0)
FN:62,(anonymous_1)
FN:92,(anonymous_2)
FN:188,(anonymous_3)
FN:255,(anonymous_4)
FN:314,(anonymous_5)
FNF:6
FNH:0
FNDA:0,(anonymous_0)
FNDA:0,(anonymous_1)
FNDA:0,(anonymous_2)
FNDA:0,(anonymous_3)
FNDA:0,(anonymous_4)
FNDA:0,(anonymous_5)
DA:1,0
DA:2,0
DA:3,0
DA:4,0
DA:7,0
DA:13,0
DA:14,0
DA:17,0
DA:19,0
DA:24,0
DA:26,0
DA:31,0
DA:33,0
DA:37,0
DA:39,0
DA:41,0
DA:45,0
DA:46,0
DA:51,0
DA:58,0
DA:61,0
DA:62,0
DA:63,0
DA:64,0
DA:65,0
DA:67,0
DA:75,0
DA:83,0
DA:84,0
DA:92,0
DA:93,0
DA:94,0
DA:96,0
DA:97,0
DA:104,0
DA:109,0
DA:110,0
DA:118,0
DA:120,0
DA:125,0
DA:127,0
DA:132,0
DA:134,0
DA:138,0
DA:140,0
DA:142,0
DA:146,0
DA:147,0
DA:152,0
DA:157,0
DA:159,0
DA:160,0
DA:162,0
DA:168,0
DA:174,0
DA:179,0
DA:180,0
DA:188,0
DA:189,0
DA:190,0
DA:191,0
DA:193,0
DA:194,0
DA:203,0
DA:204,0
DA:209,0
DA:210,0
DA:216,0
DA:218,0
DA:220,0
DA:221,0
DA:229,0
DA:234,0
DA:235,0
DA:241,0
DA:246,0
DA:247,0
DA:255,0
DA:256,0
DA:257,0
DA:262,0
DA:263,0
DA:268,0
DA:269,0
DA:275,0
DA:277,0
DA:279,0
DA:280,0
DA:288,0
DA:293,0
DA:294,0
DA:300,0
DA:305,0
DA:306,0
DA:314,0
DA:315,0
DA:319,0
DA:320,0
DA:325,0
DA:326,0
DA:332,0
DA:334,0
DA:336,0
DA:337,0
DA:345,0
DA:350,0
DA:355,0
DA:356,0
DA:363,0
LF:109
LH:0
BRDA:17,0,0,0
BRDA:17,0,1,0
BRDA:24,1,0,0
BRDA:24,1,1,0
BRDA:39,2,0,0
BRDA:39,2,1,0
BRDA:94,3,0,0
BRDA:96,4,0,0
BRDA:96,4,1,0
BRDA:109,5,0,0
BRDA:109,5,1,0
BRDA:118,6,0,0
BRDA:118,6,1,0
BRDA:125,7,0,0
BRDA:125,7,1,0
BRDA:140,8,0,0
BRDA:140,8,1,0
BRDA:157,9,0,0
BRDA:157,9,1,0
BRDA:193,10,0,0
BRDA:193,10,1,0
BRDA:193,11,0,0
BRDA:193,11,1,0
BRDA:203,12,0,0
BRDA:203,12,1,0
BRDA:209,13,0,0
BRDA:209,13,1,0
BRDA:220,14,0,0
BRDA:220,14,1,0
BRDA:234,15,0,0
BRDA:234,15,1,0
BRDA:262,16,0,0
BRDA:262,16,1,0
BRDA:268,17,0,0
BRDA:268,17,1,0
BRDA:279,18,0,0
BRDA:279,18,1,0
BRDA:293,19,0,0
BRDA:293,19,1,0
BRDA:319,20,0,0
BRDA:319,20,1,0
BRDA:325,21,0,0
BRDA:325,21,1,0
BRDA:336,22,0,0
BRDA:336,22,1,0
BRF:45
BRH:0
end_of_record
TN:
SF:routes/api/checkout.js
FN:15,(anonymous_0)
FN:67,(anonymous_1)
FN:114,(anonymous_2)
FN:149,(anonymous_3)
FN:208,(anonymous_4)
FN:229,(anonymous_5)
FN:249,(anonymous_6)
FN:290,(anonymous_7)
FNF:8
FNH:0
FNDA:0,(anonymous_0)
FNDA:0,(anonymous_1)
FNDA:0,(anonymous_2)
FNDA:0,(anonymous_3)
FNDA:0,(anonymous_4)
FNDA:0,(anonymous_5)
FNDA:0,(anonymous_6)
FNDA:0,(anonymous_7)
DA:1,0
DA:2,0
DA:3,0
DA:4,0
DA:5,0
DA:6,0
DA:9,0
DA:15,0
DA:16,0
DA:17,0
DA:21,0
DA:23,0
DA:24,0
DA:29,0
DA:30,0
DA:36,0
DA:38,0
DA:40,0
DA:41,0
DA:49,0
DA:56,0
DA:58,0
DA:59,0
DA:66,0
DA:67,0
DA:68,0
DA:69,0
DA:70,0
DA:72,0
DA:86,0
DA:99,0
DA:105,0
DA:106,0
DA:114,0
DA:115,0
DA:116,0
DA:118,0
DA:119,0
DA:123,0
DA:125,0
DA:126,0
DA:129,0
DA:130,0
DA:131,0
DA:134,0
DA:141,0
DA:143,0
DA:144,0
DA:148,0
DA:149,0
DA:150,0
DA:151,0
DA:155,0
DA:157,0
DA:158,0
DA:161,0
DA:169,0
DA:172,0
DA:173,0
DA:175,0
DA:183,0
DA:192,0
DA:197,0
DA:200,0
DA:201,0
DA:202,0
DA:204,0
DA:205,0
DA:208,0
DA:216,0
DA:219,0
DA:225,0
DA:229,0
DA:234,0
DA:236,0
DA:237,0
DA:238,0
DA:240,0
DA:243,0
DA:244,0
DA:249,0
DA:250,0
DA:251,0
DA:255,0
DA:256,0
DA:258,0
DA:259,0
DA:263,0
DA:265,0
DA:268,0
DA:269,0
DA:270,0
DA:271,0
DA:274,0
DA:281,0
DA:283,0
DA:284,0
DA:285,0
DA:289,0
DA:290,0
DA:291,0
DA:292,0
DA:296,0
DA:298,0
DA:299,0
DA:302,0
DA:310,0
DA:313,0
DA:314,0
DA:316,0
DA:324,0
DA:333,0
DA:338,0
DA:342,0
DA:343,0
DA:345,0
DA:348,0
DA:350,0
DA:356,0
DA:359,0
LF:120
LH:0
BRDA:5,0,0,0
BRDA:5,0,1,0
BRDA:23,1,0,0
BRDA:23,1,1,0
BRDA:29,2,0,0
BRDA:29,2,1,0
BRDA:40,3,0,0
BRDA:40,3,1,0
BRDA:58,4,0,0
BRDA:58,4,1,0
BRDA:94,5,0,0
BRDA:94,5,1,0
BRDA:95,6,0,0
BRDA:95,6,1,0
BRDA:118,7,0,0
BRDA:118,7,1,0
BRDA:125,8,0,0
BRDA:125,8,1,0
BRDA:125,9,0,0
BRDA:125,9,1,0
BRDA:130,10,0,0
BRDA:130,10,1,0
BRDA:131,11,0,0
BRDA:131,11,1,0
BRDA:143,12,0,0
BRDA:143,12,1,0
BRDA:200,13,0,0
BRDA:200,13,1,0
BRDA:204,14,0,0
BRDA:204,14,1,0
BRDA:251,15,0,0
BRDA:251,15,1,0
BRDA:263,16,0,0
BRDA:263,16,1,0
BRDA:270,17,0,0
BRDA:270,17,1,0
BRDA:271,18,0,0
BRDA:271,18,1,0
BRDA:283,19,0,0
BRDA:283,19,1,0
BRF:40
BRH:0
end_of_record
TN:
SF:routes/api/reviews.js
FN:14,(anonymous_0)
FN:84,(anonymous_1)
FN:161,(anonymous_2)
FN:189,(anonymous_3)
FNF:4
FNH:0
FNDA:0,(anonymous_0)
FNDA:0,(anonymous_1)
FNDA:0,(anonymous_2)
FNDA:0,(anonymous_3)
DA:1,0
DA:2,0
DA:3,0
DA:4,0
DA:5,0
DA:8,0
DA:14,0
DA:15,0
DA:16,0
DA:17,0
DA:18,0
DA:19,0
DA:22,0
DA:31,0
DA:34,0
DA:38,0
DA:39,0
DA:40,0
DA:43,0
DA:53,0
DA:55,0
DA:75,0
DA:76,0
DA:84,0
DA:85,0
DA:86,0
DA:87,0
DA:89,0
DA:90,0
DA:97,0
DA:98,0
DA:100,0
DA:101,0
DA:108,0
DA:112,0
DA:114,0
DA:115,0
DA:122,0
DA:128,0
DA:129,0
DA:132,0
DA:139,0
DA:141,0
DA:146,0
DA:152,0
DA:153,0
DA:161,0
DA:162,0
DA:163,0
DA:165,0
DA:173,0
DA:175,0
DA:180,0
DA:181,0
DA:189,0
DA:190,0
DA:191,0
DA:192,0
DA:195,0
DA:196,0
DA:198,0
DA:199,0
DA:206,0
DA:208,0
DA:213,0
DA:214,0
DA:221,0
LF:67
LH:0
BRDA:17,0,0,0
BRDA:17,0,1,0
BRDA:18,1,0,0
BRDA:18,1,1,0
BRDA:64,2,0,0
BRDA:64,2,1,0
BRDA:66,3,0,0
BRDA:66,3,1,0
BRDA:67,4,0,0
BRDA:67,4,1,0
BRDA:68,5,0,0
BRDA:68,5,1,0
BRDA:69,6,0,0
BRDA:69,6,1,0
BRDA:70,7,0,0
BRDA:70,7,1,0
BRDA:89,8,0,0
BRDA:89,8,1,0
BRDA:89,9,0,0
BRDA:89,9,1,0
BRDA:89,9,2,0
BRDA:89,9,3,0
BRDA:100,10,0,0
BRDA:100,10,1,0
BRDA:114,11,0,0
BRDA:114,11,1,0
BRDA:148,12,0,0
BRDA:148,12,1,0
BRDA:198,13,0,0
BRDA:198,13,1,0
BRF:30
BRH:0
end_of_record
TN:
SF:routes/api/wishlist.js
FN:14,(anonymous_0)
FN:46,(anonymous_1)
FN:70,(anonymous_2)
FN:143,(anonymous_3)
FN:190,(anonymous_4)
FN:230,(anonymous_5)
FNF:6
FNH:0
FNDA:0,(anonymous_0)
FNDA:0,(anonymous_1)
FNDA:0,(anonymous_2)
FNDA:0,(anonymous_3)
FNDA:0,(anonymous_4)
FNDA:0,(anonymous_5)
DA:1,0
DA:2,0
DA:3,0
DA:4,0
DA:5,0
DA:8,0
DA:14,0
DA:15,0
DA:16,0
DA:20,0
DA:21,0
DA:23,0
DA:25,0
DA:26,0
DA:27,0
DA:29,0
DA:33,0
DA:43,0
DA:46,0
DA:47,0
DA:48,0
DA:55,0
DA:61,0
DA:62,0
DA:70,0
DA:71,0
DA:72,0
DA:73,0
DA:75,0
DA:76,0
DA:83,0
DA:84,0
DA:86,0
DA:87,0
DA:95,0
DA:96,0
DA:98,0
DA:100,0
DA:101,0
DA:102,0
DA:104,0
DA:108,0
DA:112,0
DA:114,0
DA:115,0
DA:122,0
DA:127,0
DA:129,0
DA:134,0
DA:135,0
DA:143,0
DA:144,0
DA:145,0
DA:146,0
DA:149,0
DA:150,0
DA:152,0
DA:153,0
DA:159,0
DA:162,0
DA:167,0
DA:169,0
DA:170,0
DA:176,0
DA:181,0
DA:182,0
DA:190,0
DA:191,0
DA:192,0
DA:193,0
DA:196,0
DA:197,0
DA:199,0
DA:200,0
DA:206,0
DA:209,0
DA:213,0
DA:215,0
DA:221,0
DA:222,0
DA:230,0
DA:231,0
DA:232,0
DA:235,0
DA:236,0
DA:238,0
DA:239,0
DA:245,0
DA:248,0
DA:250,0
DA:255,0
DA:256,0
DA:263,0
LF:93
LH:0
BRDA:23,0,0,0
BRDA:23,0,1,0
BRDA:75,1,0,0
BRDA:75,1,1,0
BRDA:86,2,0,0
BRDA:86,2,1,0
BRDA:98,3,0,0
BRDA:98,3,1,0
BRDA:114,4,0,0
BRDA:114,4,1,0
BRDA:152,5,0,0
BRDA:152,5,1,0
BRDA:169,6,0,0
BRDA:169,6,1,0
BRDA:199,7,0,0
BRDA:199,7,1,0
BRDA:218,8,0,0
BRDA:218,8,1,0
BRDA:238,9,0,0
BRDA:238,9,1,0
BRF:20
BRH:0
end_of_record
TN:
SF:utils/aiMessageGenerator.js
FN:12,generatePersonalizedMessage
FN:45,replaceTemplateVariables
FN:87,getFirstName
FN:100,enhanceMessageWithAI
FN:137,callAIService
FN:143,(anonymous_5)
FN:221,getChannelToneAndStyle
FN:246,formatMessageForChannel
FN:277,formatForEmail
FN:292,formatForWhatsApp
FN:307,formatForLinkedIn
FN:329,formatForFacebook
FN:344,formatForInstagram
FN:366,formatForTelegram
FNF:14
FNH:0
FNDA:0,generatePersonalizedMessage
FNDA:0,replaceTemplateVariables
FNDA:0,getFirstName
FNDA:0,enhanceMessageWithAI
FNDA:0,callAIService
FNDA:0,(anonymous_5)
FNDA:0,getChannelToneAndStyle
FNDA:0,formatMessageForChannel
FNDA:0,formatForEmail
FNDA:0,formatForWhatsApp
FNDA:0,formatForLinkedIn
FNDA:0,formatForFacebook
FNDA:0,formatForInstagram
FNDA:0,formatForTelegram
DA:13,0
DA:15,0
DA:16,0
DA:20,0
DA:23,0
DA:24,0
DA:28,0
DA:30,0
DA:32,0
DA:34,0
DA:46,0
DA:49,0
DA:50,0
DA:51,0
DA:52,0
DA:53,0
DA:54,0
DA:55,0
DA:58,0
DA:59,0
DA:60,0
DA:66,0
DA:67,0
DA:68,0
DA:69,0
DA:70,0
DA:71,0
DA:75,0
DA:76,0
DA:77,0
DA:79,0
DA:88,0
DA:89,0
DA:101,0
DA:103,0
DA:115,0
DA:118,0
DA:119,0
DA:120,0
DA:123,0
DA:125,0
DA:126,0
DA:138,0
DA:143,0
DA:146,0
DA:149,0
DA:152,0
DA:154,0
DA:155,0
DA:160,0
DA:162,0
DA:167,0
DA:169,0
DA:177,0
DA:178,0
DA:186,0
DA:190,0
DA:191,0
DA:196,0
DA:197,0
DA:198,0
DA:200,0
DA:204,0
DA:211,0
DA:212,0
DA:222,0
DA:224,0
DA:226,0
DA:228,0
DA:230,0
DA:232,0
DA:234,0
DA:236,0
DA:247,0
DA:250,0
DA:253,0
DA:256,0
DA:259,0
DA:262,0
DA:265,0
DA:268,0
DA:279,0
DA:282,0
DA:284,0
DA:294,0
DA:297,0
DA:299,0
DA:309,0
DA:311,0
DA:314,0
DA:315,0
DA:319,0
DA:321,0
DA:331,0
DA:334,0
DA:336,0
DA:346,0
DA:348,0
DA:351,0
DA:352,0
DA:356,0
DA:358,0
DA:368,0
DA:371,0
DA:373,0
LF:105
LH:0
BRDA:15,0,0,0
BRDA:15,0,1,0
BRDA:23,1,0,0
BRDA:23,1,1,0
BRDA:49,2,0,0
BRDA:49,2,1,0
BRDA:50,3,0,0
BRDA:50,3,1,0
BRDA:51,4,0,0
BRDA:51,4,1,0
BRDA:52,5,0,0
BRDA:52,5,1,0
BRDA:53,6,0,0
BRDA:53,6,1,0
BRDA:54,7,0,0
BRDA:54,7,1,0
BRDA:55,8,0,0
BRDA:55,8,1,0
BRDA:58,9,0,0
BRDA:58,9,1,0
BRDA:60,10,0,0
BRDA:60,10,1,0
BRDA:66,11,0,0
BRDA:66,11,1,0
BRDA:67,12,0,0
BRDA:67,12,1,0
BRDA:68,13,0,0
BRDA:68,13,1,0
BRDA:69,14,0,0
BRDA:69,14,1,0
BRDA:70,15,0,0
BRDA:70,15,1,0
BRDA:71,16,0,0
BRDA:71,16,1,0
BRDA:88,17,0,0
BRDA:88,17,1,0
BRDA:118,18,0,0
BRDA:118,18,1,0
BRDA:118,19,0,0
BRDA:118,19,1,0
BRDA:152,20,0,0
BRDA:152,20,1,0
BRDA:154,21,0,0
BRDA:154,21,1,0
BRDA:160,22,0,0
BRDA:160,22,1,0
BRDA:167,23,0,0
BRDA:167,23,1,0
BRDA:177,24,0,0
BRDA:177,24,1,0
BRDA:186,25,0,0
BRDA:186,25,1,0
BRDA:190,26,0,0
BRDA:190,26,1,0
BRDA:196,27,0,0
BRDA:196,27,1,0
BRDA:197,28,0,0
BRDA:197,28,1,0
BRDA:222,29,0,0
BRDA:222,29,1,0
BRDA:222,29,2,0
BRDA:222,29,3,0
BRDA:222,29,4,0
BRDA:222,29,5,0
BRDA:222,29,6,0
BRDA:247,30,0,0
BRDA:247,30,1,0
BRDA:247,30,2,0
BRDA:247,30,3,0
BRDA:247,30,4,0
BRDA:247,30,5,0
BRDA:247,30,6,0
BRDA:314,31,0,0
BRDA:314,31,1,0
BRDA:351,32,0,0
BRDA:351,32,1,0
BRF:76
BRH:0
end_of_record
TN:
SF:utils/analyticsTracker.js
FN:11,trackOutreachAnalytics
FN:35,logAnalyticsEvent
FN:75,updateCampaignMetrics
FN:159,updateCampaignChannelMetrics
FN:243,updateChannelMetrics
FN:324,updateRecipientMetrics
FNF:6
FNH:0
FNDA:0,trackOutreachAnalytics
FNDA:0,logAnalyticsEvent
FNDA:0,updateCampaignMetrics
FNDA:0,updateCampaignChannelMetrics
FNDA:0,updateChannelMetrics
FNDA:0,updateRecipientMetrics
DA:12,0
DA:14,0
DA:17,0
DA:20,0
DA:23,0
DA:25,0
DA:36,0
DA:37,0
DA:51,0
DA:63,0
DA:65,0
DA:76,0
DA:77,0
DA:80,0
DA:85,0
DA:87,0
DA:89,0
DA:103,0
DA:114,0
DA:117,0
DA:119,0
DA:132,0
DA:143,0
DA:147,0
DA:149,0
DA:160,0
DA:161,0
DA:164,0
DA:169,0
DA:171,0
DA:173,0
DA:188,0
DA:200,0
DA:203,0
DA:205,0
DA:218,0
DA:230,0
DA:233,0
DA:244,0
DA:245,0
DA:248,0
DA:253,0
DA:255,0
DA:257,0
DA:271,0
DA:282,0
DA:285,0
DA:287,0
DA:300,0
DA:311,0
DA:314,0
DA:325,0
DA:326,0
DA:329,0
DA:334,0
DA:336,0
DA:338,0
DA:351,0
DA:361,0
DA:364,0
DA:366,0
DA:378,0
DA:388,0
DA:391,0
LF:64
LH:0
BRDA:52,0,0,0
BRDA:52,0,1,0
BRDA:59,1,0,0
BRDA:59,1,1,0
BRDA:77,2,0,0
BRDA:77,2,1,0
BRDA:87,3,0,0
BRDA:87,3,1,0
BRDA:105,4,0,0
BRDA:105,4,1,0
BRDA:105,5,0,0
BRDA:105,5,1,0
BRDA:106,6,0,0
BRDA:106,6,1,0
BRDA:107,7,0,0
BRDA:107,7,1,0
BRDA:107,8,0,0
BRDA:107,8,1,0
BRDA:108,9,0,0
BRDA:108,9,1,0
BRDA:109,10,0,0
BRDA:109,10,1,0
BRDA:110,11,0,0
BRDA:110,11,1,0
BRDA:133,12,0,0
BRDA:133,12,1,0
BRDA:133,13,0,0
BRDA:133,13,1,0
BRDA:134,14,0,0
BRDA:134,14,1,0
BRDA:135,15,0,0
BRDA:135,15,1,0
BRDA:135,16,0,0
BRDA:135,16,1,0
BRDA:136,17,0,0
BRDA:136,17,1,0
BRDA:137,18,0,0
BRDA:137,18,1,0
BRDA:138,19,0,0
BRDA:138,19,1,0
BRDA:161,20,0,0
BRDA:161,20,1,0
BRDA:161,21,0,0
BRDA:161,21,1,0
BRDA:171,22,0,0
BRDA:171,22,1,0
BRDA:191,23,0,0
BRDA:191,23,1,0
BRDA:191,24,0,0
BRDA:191,24,1,0
BRDA:192,25,0,0
BRDA:192,25,1,0
BRDA:193,26,0,0
BRDA:193,26,1,0
BRDA:193,27,0,0
BRDA:193,27,1,0
BRDA:194,28,0,0
BRDA:194,28,1,0
BRDA:195,29,0,0
BRDA:195,29,1,0
BRDA:196,30,0,0
BRDA:196,30,1,0
BRDA:219,31,0,0
BRDA:219,31,1,0
BRDA:219,32,0,0
BRDA:219,32,1,0
BRDA:220,33,0,0
BRDA:220,33,1,0
BRDA:221,34,0,0
BRDA:221,34,1,0
BRDA:221,35,0,0
BRDA:221,35,1,0
BRDA:222,36,0,0
BRDA:222,36,1,0
BRDA:223,37,0,0
BRDA:223,37,1,0
BRDA:224,38,0,0
BRDA:224,38,1,0
BRDA:245,39,0,0
BRDA:245,39,1,0
BRDA:255,40,0,0
BRDA:255,40,1,0
BRDA:273,41,0,0
BRDA:273,41,1,0
BRDA:273,42,0,0
BRDA:273,42,1,0
BRDA:274,43,0,0
BRDA:274,43,1,0
BRDA:275,44,0,0
BRDA:275,44,1,0
BRDA:275,45,0,0
BRDA:275,45,1,0
BRDA:276,46,0,0
BRDA:276,46,1,0
BRDA:277,47,0,0
BRDA:277,47,1,0
BRDA:278,48,0,0
BRDA:278,48,1,0
BRDA:301,49,0,0
BRDA:301,49,1,0
BRDA:301,50,0,0
BRDA:301,50,1,0
BRDA:302,51,0,0
BRDA:302,51,1,0
BRDA:303,52,0,0
BRDA:303,52,1,0
BRDA:303,53,0,0
BRDA:303,53,1,0
BRDA:304,54,0,0
BRDA:304,54,1,0
BRDA:305,55,0,0
BRDA:305,55,1,0
BRDA:306,56,0,0
BRDA:306,56,1,0
BRDA:326,57,0,0
BRDA:326,57,1,0
BRDA:326,58,0,0
BRDA:326,58,1,0
BRDA:336,59,0,0
BRDA:336,59,1,0
BRDA:353,60,0,0
BRDA:353,60,1,0
BRDA:353,61,0,0
BRDA:353,61,1,0
BRDA:353,61,2,0
BRDA:354,62,0,0
BRDA:354,62,1,0
BRDA:355,63,0,0
BRDA:355,63,1,0
BRDA:356,64,0,0
BRDA:356,64,1,0
BRDA:379,65,0,0
BRDA:379,65,1,0
BRDA:379,66,0,0
BRDA:379,66,1,0
BRDA:379,66,2,0
BRDA:380,67,0,0
BRDA:380,67,1,0
BRDA:381,68,0,0
BRDA:381,68,1,0
BRDA:382,69,0,0
BRDA:382,69,1,0
BRF:142
BRH:0
end_of_record
TN:
SF:utils/cache.js
FN:9,(anonymous_0)
FN:31,(anonymous_1)
FN:42,(anonymous_2)
FN:43,(anonymous_3)
FN:57,(anonymous_4)
FN:60,(anonymous_5)
FN:75,(anonymous_6)
FN:86,(anonymous_7)
FN:97,(anonymous_8)
FN:108,(anonymous_9)
FNF:10
FNH:0
FNDA:0,(anonymous_0)
FNDA:0,(anonymous_1)
FNDA:0,(anonymous_2)
FNDA:0,(anonymous_3)
FNDA:0,(anonymous_4)
FNDA:0,(anonymous_5)
FNDA:0,(anonymous_6)
FNDA:0,(anonymous_7)
FNDA:0,(anonymous_8)
FNDA:0,(anonymous_9)
DA:1,0
DA:2,0
DA:5,0
DA:10,0
DA:12,0
DA:13,0
DA:15,0
DA:17,0
DA:18,0
DA:20,0
DA:22,0
DA:23,0
DA:26,0
DA:31,0
DA:32,0
DA:36,0
DA:37,0
DA:38,0
DA:39,0
DA:42,0
DA:43,0
DA:44,0
DA:46,0
DA:48,0
DA:50,0
DA:54,0
DA:57,0
DA:59,0
DA:60,0
DA:63,0
DA:66,0
DA:68,0
DA:69,0
DA:75,0
DA:76,0
DA:77,0
DA:78,0
DA:80,0
DA:81,0
DA:86,0
DA:87,0
DA:88,0
DA:89,0
DA:91,0
DA:92,0
DA:97,0
DA:98,0
DA:99,0
DA:100,0
DA:102,0
DA:103,0
DA:108,0
DA:109,0
DA:110,0
DA:111,0
DA:113,0
DA:114,0
DA:118,0
LF:58
LH:0
BRDA:6,0,0,0
BRDA:6,0,1,0
BRDA:7,1,0,0
BRDA:7,1,1,0
BRDA:8,2,0,0
BRDA:8,2,1,0
BRDA:10,3,0,0
BRDA:10,3,1,0
BRDA:10,4,0,0
BRDA:10,4,1,0
BRDA:15,5,0,0
BRDA:15,5,1,0
BRDA:20,6,0,0
BRDA:20,6,1,0
BRDA:42,7,0,0
BRDA:48,8,0,0
BRDA:48,8,1,0
BRDA:75,9,0,0
BRDA:89,10,0,0
BRDA:89,10,1,0
BRF:20
BRH:0
end_of_record
TN:
SF:utils/chatbotService.js
FN:4,processMessage
FN:61,getConversationHistory
FN:80,getUserInfo
FN:103,determineIntent
FN:134,handleProductInquiry
FN:153,(anonymous_5)
FN:173,extractProductKeywords
FN:196,searchProducts
FN:203,(anonymous_8)
FN:207,(anonymous_9)
FN:248,handleOrderStatus
FN:271,(anonymous_11)
FN:297,extractOrderNumber
FN:311,getOrderDetails
FN:362,getRecentOrders
FN:398,formatOrderStatus
FN:413,(anonymous_16)
FN:430,formatOrderSummary
FN:437,handleReturnRequest
FN:450,handleTechnicalSupport
FN:468,(anonymous_20)
FN:484,extractTechnicalIssueKeywords
FN:508,searchSupportArticles
FN:515,(anonymous_23)
FN:519,(anonymous_24)
FN:554,handleShippingInfo
FN:569,(anonymous_26)
FN:574,(anonymous_27)
FN:594,extractShippingKeywords
FN:618,handlePricingInfo
FN:636,(anonymous_30)
FN:657,handleContactHuman
FN:662,handleGreeting
FN:673,getTimeOfDay
FN:686,handleThanks
FN:699,handleGeneral
FN:731,logInteraction
FNF:37
FNH:0
FNDA:0,processMessage
FNDA:0,getConversationHistory
FNDA:0,getUserInfo
FNDA:0,determineIntent
FNDA:0,handleProductInquiry
FNDA:0,(anonymous_5)
FNDA:0,extractProductKeywords
FNDA:0,searchProducts
FNDA:0,(anonymous_8)
FNDA:0,(anonymous_9)
FNDA:0,handleOrderStatus
FNDA:0,(anonymous_11)
FNDA:0,extractOrderNumber
FNDA:0,getOrderDetails
FNDA:0,getRecentOrders
FNDA:0,formatOrderStatus
FNDA:0,(anonymous_16)
FNDA:0,formatOrderSummary
FNDA:0,handleReturnRequest
FNDA:0,handleTechnicalSupport
FNDA:0,(anonymous_20)
FNDA:0,extractTechnicalIssueKeywords
FNDA:0,searchSupportArticles
FNDA:0,(anonymous_23)
FNDA:0,(anonymous_24)
FNDA:0,handleShippingInfo
FNDA:0,(anonymous_26)
FNDA:0,(anonymous_27)
FNDA:0,extractShippingKeywords
FNDA:0,handlePricingInfo
FNDA:0,(anonymous_30)
FNDA:0,handleContactHuman
FNDA:0,handleGreeting
FNDA:0,getTimeOfDay
FNDA:0,handleThanks
FNDA:0,handleGeneral
FNDA:0,logInteraction
DA:5,0
DA:7,0
DA:10,0
DA:13,0
DA:18,0
DA:20,0
DA:21,0
DA:23,0
DA:24,0
DA:26,0
DA:27,0
DA:29,0
DA:30,0
DA:32,0
DA:33,0
DA:35,0
DA:36,0
DA:38,0
DA:39,0
DA:41,0
DA:42,0
DA:44,0
DA:45,0
DA:47,0
DA:51,0
DA:53,0
DA:55,0
DA:56,0
DA:62,0
DA:63,0
DA:71,0
DA:72,0
DA:74,0
DA:75,0
DA:81,0
DA:82,0
DA:85,0
DA:86,0
DA:94,0
DA:95,0
DA:97,0
DA:98,0
DA:105,0
DA:108,0
DA:121,0
DA:122,0
DA:123,0
DA:124,0
DA:130,0
DA:135,0
DA:137,0
DA:139,0
DA:140,0
DA:144,0
DA:146,0
DA:147,0
DA:151,0
DA:153,0
DA:154,0
DA:155,0
DA:156,0
DA:157,0
DA:158,0
DA:161,0
DA:162,0
DA:165,0
DA:167,0
DA:168,0
DA:175,0
DA:178,0
DA:184,0
DA:186,0
DA:187,0
DA:188,0
DA:192,0
DA:197,0
DA:199,0
DA:203,0
DA:207,0
DA:209,0
DA:210,0
DA:212,0
DA:215,0
DA:249,0
DA:251,0
DA:254,0
DA:255,0
DA:257,0
DA:259,0
DA:260,0
DA:262,0
DA:266,0
DA:268,0
DA:269,0
DA:271,0
DA:272,0
DA:275,0
DA:277,0
DA:279,0
DA:284,0
DA:285,0
DA:287,0
DA:291,0
DA:292,0
DA:299,0
DA:300,0
DA:302,0
DA:304,0
DA:307,0
DA:312,0
DA:313,0
DA:328,0
DA:329,0
DA:331,0
DA:334,0
DA:363,0
DA:364,0
DA:372,0
DA:373,0
DA:375,0
DA:378,0
DA:399,0
DA:402,0
DA:403,0
DA:404,0
DA:405,0
DA:406,0
DA:407,0
DA:408,0
DA:412,0
DA:413,0
DA:414,0
DA:417,0
DA:418,0
DA:419,0
DA:420,0
DA:421,0
DA:424,0
DA:426,0
DA:431,0
DA:439,0
DA:442,0
DA:443,0
DA:445,0
DA:452,0
DA:454,0
DA:455,0
DA:459,0
DA:461,0
DA:462,0
DA:466,0
DA:468,0
DA:469,0
DA:470,0
DA:471,0
DA:474,0
DA:475,0
DA:476,0
DA:477,0
DA:478,0
DA:480,0
DA:486,0
DA:489,0
DA:496,0
DA:498,0
DA:499,0
DA:500,0
DA:504,0
DA:509,0
DA:511,0
DA:515,0
DA:519,0
DA:521,0
DA:522,0
DA:524,0
DA:527,0
DA:556,0
DA:559,0
DA:560,0
DA:561,0
DA:564,0
DA:565,0
DA:569,0
DA:570,0
DA:574,0
DA:575,0
DA:579,0
DA:596,0
DA:599,0
DA:606,0
DA:608,0
DA:609,0
DA:610,0
DA:614,0
DA:620,0
DA:622,0
DA:623,0
DA:627,0
DA:629,0
DA:630,0
DA:634,0
DA:636,0
DA:637,0
DA:638,0
DA:639,0
DA:640,0
DA:641,0
DA:643,0
DA:644,0
DA:647,0
DA:648,0
DA:649,0
DA:650,0
DA:651,0
DA:653,0
DA:658,0
DA:663,0
DA:665,0
DA:666,0
DA:668,0
DA:674,0
DA:676,0
DA:677,0
DA:678,0
DA:679,0
DA:681,0
DA:687,0
DA:695,0
DA:701,0
DA:704,0
DA:720,0
DA:721,0
DA:722,0
DA:727,0
DA:732,0
DA:733,0
DA:744,0
DA:752,0
LF:238
LH:0
BRDA:18,0,0,0
BRDA:18,0,1,0
BRDA:18,0,2,0
BRDA:18,0,3,0
BRDA:18,0,4,0
BRDA:18,0,5,0
BRDA:18,0,6,0
BRDA:18,0,7,0
BRDA:18,0,8,0
BRDA:18,0,9,0
BRDA:81,1,0,0
BRDA:81,1,1,0
BRDA:95,2,0,0
BRDA:95,2,1,0
BRDA:123,3,0,0
BRDA:123,3,1,0
BRDA:139,4,0,0
BRDA:139,4,1,0
BRDA:146,5,0,0
BRDA:146,5,1,0
BRDA:161,6,0,0
BRDA:161,6,1,0
BRDA:187,7,0,0
BRDA:187,7,1,0
BRDA:254,8,0,0
BRDA:254,8,1,0
BRDA:255,9,0,0
BRDA:255,9,1,0
BRDA:259,10,0,0
BRDA:259,10,1,0
BRDA:268,11,0,0
BRDA:268,11,1,0
BRDA:284,12,0,0
BRDA:284,12,1,0
BRDA:302,13,0,0
BRDA:302,13,1,0
BRDA:304,14,0,0
BRDA:304,14,1,0
BRDA:304,14,2,0
BRDA:329,15,0,0
BRDA:329,15,1,0
BRDA:402,16,0,0
BRDA:402,16,1,0
BRDA:402,17,0,0
BRDA:402,17,1,0
BRDA:405,18,0,0
BRDA:405,18,1,0
BRDA:407,19,0,0
BRDA:407,19,1,0
BRDA:408,20,0,0
BRDA:408,20,1,0
BRDA:420,21,0,0
BRDA:420,21,1,0
BRDA:442,22,0,0
BRDA:442,22,1,0
BRDA:454,23,0,0
BRDA:454,23,1,0
BRDA:461,24,0,0
BRDA:461,24,1,0
BRDA:499,25,0,0
BRDA:499,25,1,0
BRDA:564,26,0,0
BRDA:564,26,1,0
BRDA:569,27,0,0
BRDA:569,27,1,0
BRDA:574,28,0,0
BRDA:574,28,1,0
BRDA:609,29,0,0
BRDA:609,29,1,0
BRDA:622,30,0,0
BRDA:622,30,1,0
BRDA:629,31,0,0
BRDA:629,31,1,0
BRDA:639,32,0,0
BRDA:639,32,1,0
BRDA:665,33,0,0
BRDA:665,33,1,0
BRDA:676,34,0,0
BRDA:676,34,1,0
BRDA:678,35,0,0
BRDA:678,35,1,0
BRDA:721,36,0,0
BRDA:721,36,1,0
BRF:83
BRH:0
end_of_record
TN:
SF:utils/chatbotTestCases.js
FN:119,runChatbotTests
FNF:1
FNH:0
FNDA:0,runChatbotTests
DA:8,0
DA:120,0
DA:127,0
DA:128,0
DA:129,0
DA:131,0
DA:132,0
DA:135,0
DA:137,0
DA:138,0
DA:140,0
DA:143,0
DA:151,0
DA:152,0
DA:163,0
LF:15
LH:0
BRDA:137,0,0,0
BRDA:137,0,1,0
BRF:2
BRH:0
end_of_record
TN:
SF:utils/criticalCss.js
FN:263,(anonymous_0)
FN:277,(anonymous_1)
FN:295,(anonymous_2)
FNF:3
FNH:0
FNDA:0,(anonymous_0)
FNDA:0,(anonymous_1)
FNDA:0,(anonymous_2)
DA:6,0
DA:93,0
DA:157,0
DA:198,0
DA:263,0
DA:264,0
DA:266,0
DA:268,0
DA:270,0
DA:272,0
DA:277,0
DA:278,0
DA:282,0
DA:284,0
DA:286,0
DA:288,0
DA:290,0
DA:295,0
DA:296,0
DA:300,0
DA:302,0
DA:304,0
DA:306,0
DA:308,0
LF:24
LH:0
BRDA:264,0,0,0
BRDA:264,0,1,0
BRDA:264,0,2,0
BRDA:264,0,3,0
BRDA:282,1,0,0
BRDA:282,1,1,0
BRDA:282,1,2,0
BRDA:282,1,3,0
BRDA:300,2,0,0
BRDA:300,2,1,0
BRDA:300,2,2,0
BRDA:300,2,3,0
BRF:12
BRH:0
end_of_record
TN:
SF:utils/csvParser.js
FN:18,(anonymous_0)
FN:19,(anonymous_1)
FN:26,(anonymous_2)
FN:27,(anonymous_3)
FN:224,(anonymous_4)
FNF:5
FNH:0
FNDA:0,(anonymous_0)
FNDA:0,(anonymous_1)
FNDA:0,(anonymous_2)
FNDA:0,(anonymous_3)
FNDA:0,(anonymous_4)
DA:1,0
DA:2,0
DA:3,0
DA:4,0
DA:5,0
DA:8,0
DA:18,0
DA:19,0
DA:20,0
DA:21,0
DA:22,0
DA:24,0
DA:26,0
DA:28,0
DA:30,0
DA:31,0
DA:32,0
DA:34,0
DA:35,0
DA:37,0
DA:38,0
DA:39,0
DA:40,0
DA:44,0
DA:47,0
DA:52,0
DA:54,0
DA:56,0
DA:88,0
DA:91,0
DA:96,0
DA:98,0
DA:123,0
DA:144,0
DA:167,0
DA:170,0
DA:173,0
DA:192,0
DA:194,0
DA:195,0
DA:199,0
DA:201,0
DA:207,0
DA:208,0
DA:214,0
DA:217,0
DA:225,0
DA:234,0
LF:48
LH:0
BRDA:37,0,0,0
BRDA:37,0,1,0
BRDA:37,1,0,0
BRDA:37,1,1,0
BRDA:44,2,0,0
BRDA:44,2,1,0
BRDA:52,3,0,0
BRDA:52,3,1,0
BRDA:73,4,0,0
BRDA:73,4,1,0
BRDA:74,5,0,0
BRDA:74,5,1,0
BRDA:75,6,0,0
BRDA:75,6,1,0
BRDA:76,7,0,0
BRDA:76,7,1,0
BRDA:77,8,0,0
BRDA:77,8,1,0
BRDA:78,9,0,0
BRDA:78,9,1,0
BRDA:78,9,2,0
BRDA:79,10,0,0
BRDA:79,10,1,0
BRDA:79,10,2,0
BRDA:80,11,0,0
BRDA:80,11,1,0
BRDA:81,12,0,0
BRDA:81,12,1,0
BRDA:82,13,0,0
BRDA:82,13,1,0
BRDA:88,14,0,0
BRDA:88,14,1,0
BRDA:88,15,0,0
BRDA:88,15,1,0
BRDA:88,15,2,0
BRDA:88,15,3,0
BRDA:88,15,4,0
BRDA:88,15,5,0
BRDA:88,15,6,0
BRDA:88,15,7,0
BRDA:96,16,0,0
BRDA:96,16,1,0
BRDA:110,17,0,0
BRDA:110,17,1,0
BRDA:111,18,0,0
BRDA:111,18,1,0
BRDA:112,19,0,0
BRDA:112,19,1,0
BRDA:113,20,0,0
BRDA:113,20,1,0
BRDA:114,21,0,0
BRDA:114,21,1,0
BRDA:115,22,0,0
BRDA:115,22,1,0
BRDA:116,23,0,0
BRDA:116,23,1,0
BRDA:117,24,0,0
BRDA:117,24,1,0
BRDA:129,25,0,0
BRDA:129,25,1,0
BRDA:130,26,0,0
BRDA:130,26,1,0
BRDA:131,27,0,0
BRDA:131,27,1,0
BRDA:132,28,0,0
BRDA:132,28,1,0
BRDA:133,29,0,0
BRDA:133,29,1,0
BRDA:134,30,0,0
BRDA:134,30,1,0
BRDA:135,31,0,0
BRDA:135,31,1,0
BRDA:136,32,0,0
BRDA:136,32,1,0
BRDA:154,33,0,0
BRDA:154,33,1,0
BRDA:155,34,0,0
BRDA:155,34,1,0
BRDA:156,35,0,0
BRDA:156,35,1,0
BRDA:157,36,0,0
BRDA:157,36,1,0
BRDA:158,37,0,0
BRDA:158,37,1,0
BRDA:159,38,0,0
BRDA:159,38,1,0
BRDA:159,38,2,0
BRDA:160,39,0,0
BRDA:160,39,1,0
BRDA:160,39,2,0
BRDA:161,40,0,0
BRDA:161,40,1,0
BRDA:162,41,0,0
BRDA:162,41,1,0
BRDA:163,42,0,0
BRDA:163,42,1,0
BRDA:170,43,0,0
BRDA:170,43,1,0
BRDA:170,44,0,0
BRDA:170,44,1,0
BRDA:170,44,2,0
BRDA:170,44,3,0
BRDA:170,44,4,0
BRDA:170,44,5,0
BRDA:170,44,6,0
BRDA:170,44,7,0
BRDA:179,45,0,0
BRDA:179,45,1,0
BRDA:180,46,0,0
BRDA:180,46,1,0
BRDA:181,47,0,0
BRDA:181,47,1,0
BRDA:182,48,0,0
BRDA:182,48,1,0
BRDA:183,49,0,0
BRDA:183,49,1,0
BRDA:184,50,0,0
BRDA:184,50,1,0
BRDA:185,51,0,0
BRDA:185,51,1,0
BRDA:186,52,0,0
BRDA:186,52,1,0
BRF:122
BRH:0
end_of_record
TN:
SF:utils/db.js
FN:10,(anonymous_0)
FN:14,(anonymous_1)
FNF:2
FNH:0
FNDA:0,(anonymous_0)
FNDA:0,(anonymous_1)
DA:4,0
DA:10,0
DA:14,0
DA:15,0
DA:16,0
LF:5
LH:0
BRDA:6,0,0,0
BRDA:6,0,1,0
BRF:2
BRH:0
end_of_record
TN:
SF:utils/email.js
FN:16,(anonymous_0)
FN:27,(anonymous_1)
FN:36,(anonymous_2)
FN:46,(anonymous_3)
FN:92,(anonymous_4)
FN:129,(anonymous_5)
FNF:6
FNH:0
FNDA:0,(anonymous_0)
FNDA:0,(anonymous_1)
FNDA:0,(anonymous_2)
FNDA:0,(anonymous_3)
FNDA:0,(anonymous_4)
FNDA:0,(anonymous_5)
DA:1,0
DA:2,0
DA:3,0
DA:6,0
DA:16,0
DA:17,0
DA:18,0
DA:19,0
DA:21,0
DA:22,0
DA:27,0
DA:28,0
DA:29,0
DA:30,0
DA:32,0
DA:36,0
DA:37,0
DA:39,0
DA:41,0
DA:42,0
DA:46,0
DA:56,0
DA:63,0
DA:73,0
DA:76,0
DA:84,0
DA:86,0
DA:87,0
DA:92,0
DA:93,0
DA:95,0
DA:97,0
DA:98,0
DA:102,0
DA:110,0
DA:113,0
DA:121,0
DA:123,0
DA:124,0
DA:129,0
DA:130,0
DA:132,0
DA:134,0
DA:135,0
DA:139,0
DA:144,0
DA:147,0
DA:155,0
DA:157,0
DA:158,0
DA:162,0
LF:51
LH:0
BRDA:7,0,0,0
BRDA:7,0,1,0
BRDA:8,1,0,0
BRDA:8,1,1,0
BRDA:10,2,0,0
BRDA:10,2,1,0
BRDA:11,3,0,0
BRDA:11,3,1,0
BRDA:41,4,0,0
BRDA:41,4,1,0
BRDA:69,5,0,0
BRDA:69,5,1,0
BRDA:70,6,0,0
BRDA:70,6,1,0
BRDA:97,7,0,0
BRDA:97,7,1,0
BRDA:134,8,0,0
BRDA:134,8,1,0
BRF:18
BRH:0
end_of_record
TN:
SF:utils/loadProductsFromCSV.js
FN:5,loadProductsFromCSV
FN:20,(anonymous_1)
FNF:2
FNH:0
FNDA:0,loadProductsFromCSV
FNDA:0,(anonymous_1)
DA:6,0
DA:8,0
DA:11,0
DA:14,0
DA:20,0
DA:32,0
DA:34,0
DA:35,0
LF:8
LH:0
BRDA:25,0,0,0
BRDA:25,0,1,0
BRDA:26,1,0,0
BRDA:26,1,1,0
BRDA:27,2,0,0
BRDA:27,2,1,0
BRDA:28,3,0,0
BRDA:28,3,1,0
BRDA:29,4,0,0
BRDA:29,4,1,0
BRF:10
BRH:0
end_of_record
TN:
SF:utils/messageValidator.js
FN:10,validateMessage
FN:46,validateEmailMessage
FN:88,validateWhatsAppMessage
FN:115,validateLinkedInMessage
FN:155,validateFacebookMessage
FN:182,validateInstagramMessage
FN:207,validateTelegramMessage
FNF:7
FNH:0
FNDA:0,validateMessage
FNDA:0,validateEmailMessage
FNDA:0,validateWhatsAppMessage
FNDA:0,validateLinkedInMessage
FNDA:0,validateFacebookMessage
FNDA:0,validateInstagramMessage
FNDA:0,validateTelegramMessage
DA:12,0
DA:13,0
DA:20,0
DA:22,0
DA:24,0
DA:26,0
DA:28,0
DA:30,0
DA:32,0
DA:34,0
DA:47,0
DA:50,0
DA:52,0
DA:56,0
DA:57,0
DA:61,0
DA:62,0
DA:63,0
DA:67,0
DA:69,0
DA:70,0
DA:72,0
DA:73,0
DA:77,0
DA:89,0
DA:92,0
DA:93,0
DA:97,0
DA:98,0
DA:100,0
DA:101,0
DA:104,0
DA:116,0
DA:119,0
DA:120,0
DA:124,0
DA:125,0
DA:126,0
DA:130,0
DA:131,0
DA:132,0
DA:136,0
DA:137,0
DA:138,0
DA:139,0
DA:140,0
DA:144,0
DA:156,0
DA:159,0
DA:160,0
DA:164,0
DA:165,0
DA:167,0
DA:168,0
DA:171,0
DA:183,0
DA:186,0
DA:187,0
DA:191,0
DA:192,0
DA:193,0
DA:196,0
DA:208,0
DA:211,0
DA:212,0
DA:216,0
DA:218,0
DA:219,0
DA:220,0
DA:223,0
DA:224,0
DA:225,0
DA:228,0
DA:229,0
DA:230,0
DA:234,0
LF:76
LH:0
BRDA:12,0,0,0
BRDA:12,0,1,0
BRDA:12,1,0,0
BRDA:12,1,1,0
BRDA:20,2,0,0
BRDA:20,2,1,0
BRDA:20,2,2,0
BRDA:20,2,3,0
BRDA:20,2,4,0
BRDA:20,2,5,0
BRDA:20,2,6,0
BRDA:50,3,0,0
BRDA:50,3,1,0
BRDA:50,4,0,0
BRDA:50,4,1,0
BRDA:50,4,2,0
BRDA:50,4,3,0
BRDA:56,5,0,0
BRDA:56,5,1,0
BRDA:56,6,0,0
BRDA:56,6,1,0
BRDA:61,7,0,0
BRDA:61,7,1,0
BRDA:62,8,0,0
BRDA:62,8,1,0
BRDA:67,9,0,0
BRDA:67,9,1,0
BRDA:67,10,0,0
BRDA:67,10,1,0
BRDA:69,11,0,0
BRDA:69,11,1,0
BRDA:70,12,0,0
BRDA:70,12,1,0
BRDA:72,13,0,0
BRDA:72,13,1,0
BRDA:92,14,0,0
BRDA:92,14,1,0
BRDA:98,15,0,0
BRDA:98,15,1,0
BRDA:100,16,0,0
BRDA:100,16,1,0
BRDA:119,17,0,0
BRDA:119,17,1,0
BRDA:124,18,0,0
BRDA:124,18,1,0
BRDA:125,19,0,0
BRDA:125,19,1,0
BRDA:130,20,0,0
BRDA:130,20,1,0
BRDA:131,21,0,0
BRDA:131,21,1,0
BRDA:138,22,0,0
BRDA:138,22,1,0
BRDA:159,23,0,0
BRDA:159,23,1,0
BRDA:165,24,0,0
BRDA:165,24,1,0
BRDA:167,25,0,0
BRDA:167,25,1,0
BRDA:186,26,0,0
BRDA:186,26,1,0
BRDA:191,27,0,0
BRDA:191,27,1,0
BRDA:192,28,0,0
BRDA:192,28,1,0
BRDA:211,29,0,0
BRDA:211,29,1,0
BRDA:216,30,0,0
BRDA:216,30,1,0
BRDA:216,31,0,0
BRDA:216,31,1,0
BRDA:216,31,2,0
BRDA:216,31,3,0
BRDA:218,32,0,0
BRDA:218,32,1,0
BRDA:219,33,0,0
BRDA:219,33,1,0
BRDA:223,34,0,0
BRDA:223,34,1,0
BRDA:224,35,0,0
BRDA:224,35,1,0
BRDA:228,36,0,0
BRDA:228,36,1,0
BRDA:229,37,0,0
BRDA:229,37,1,0
BRDA:229,38,0,0
BRDA:229,38,1,0
BRF:87
BRH:0
end_of_record
TN:
SF:utils/outreachEngine.js
FN:17,sendMessage
FN:88,getChannelConnector
FN:113,logOutreachAttempt
FN:152,createCampaign
FN:203,getCampaign
FN:247,addRecipientsToCampaign
FN:369,scheduleCampaign
FN:424,executeCampaignNow
FN:497,(anonymous_8)
FN:539,(anonymous_9)
FN:571,determineChannelsForRecipient
FNF:11
FNH:0
FNDA:0,sendMessage
FNDA:0,getChannelConnector
FNDA:0,logOutreachAttempt
FNDA:0,createCampaign
FNDA:0,getCampaign
FNDA:0,addRecipientsToCampaign
FNDA:0,scheduleCampaign
FNDA:0,executeCampaignNow
FNDA:0,(anonymous_8)
FNDA:0,(anonymous_9)
FNDA:0,determineChannelsForRecipient
DA:18,0
DA:20,0
DA:28,0
DA:30,0
DA:31,0
DA:32,0
DA:40,0
DA:42,0
DA:43,0
DA:50,0
DA:53,0
DA:65,0
DA:72,0
DA:74,0
DA:75,0
DA:89,0
DA:91,0
DA:93,0
DA:95,0
DA:97,0
DA:99,0
DA:101,0
DA:103,0
DA:104,0
DA:114,0
DA:115,0
DA:129,0
DA:140,0
DA:142,0
DA:153,0
DA:154,0
DA:169,0
DA:180,0
DA:181,0
DA:183,0
DA:189,0
DA:190,0
DA:204,0
DA:205,0
DA:218,0
DA:220,0
DA:221,0
DA:227,0
DA:232,0
DA:233,0
DA:248,0
DA:250,0
DA:252,0
DA:254,0
DA:259,0
DA:268,0
DA:270,0
DA:272,0
DA:285,0
DA:297,0
DA:311,0
DA:321,0
DA:325,0
DA:335,0
DA:344,0
DA:346,0
DA:352,0
DA:354,0
DA:355,0
DA:370,0
DA:372,0
DA:384,0
DA:392,0
DA:394,0
DA:395,0
DA:402,0
DA:403,0
DA:405,0
DA:410,0
DA:411,0
DA:425,0
DA:427,0
DA:429,0
DA:430,0
DA:433,0
DA:436,0
DA:443,0
DA:444,0
DA:447,0
DA:453,0
DA:454,0
DA:456,0
DA:457,0
DA:464,0
DA:471,0
DA:478,0
DA:480,0
DA:482,0
DA:483,0
DA:484,0
DA:489,0
DA:493,0
DA:495,0
DA:497,0
DA:499,0
DA:500,0
DA:504,0
DA:511,0
DA:512,0
DA:515,0
DA:521,0
DA:525,0
DA:526,0
DA:528,0
DA:531,0
DA:539,0
DA:543,0
DA:544,0
DA:551,0
DA:556,0
DA:557,0
DA:572,0
DA:575,0
DA:576,0
DA:579,0
DA:580,0
DA:583,0
DA:584,0
DA:587,0
DA:588,0
DA:591,0
DA:592,0
DA:595,0
DA:596,0
DA:599,0
LF:130
LH:0
BRDA:30,0,0,0
BRDA:30,0,1,0
BRDA:42,1,0,0
BRDA:42,1,1,0
BRDA:58,2,0,0
BRDA:58,2,1,0
BRDA:59,3,0,0
BRDA:59,3,1,0
BRDA:89,4,0,0
BRDA:89,4,1,0
BRDA:89,4,2,0
BRDA:89,4,3,0
BRDA:89,4,4,0
BRDA:89,4,5,0
BRDA:89,4,6,0
BRDA:175,5,0,0
BRDA:175,5,1,0
BRDA:220,6,0,0
BRDA:220,6,1,0
BRDA:260,7,0,0
BRDA:260,7,1,0
BRDA:261,8,0,0
BRDA:261,8,1,0
BRDA:262,9,0,0
BRDA:262,9,1,0
BRDA:263,10,0,0
BRDA:263,10,1,0
BRDA:268,11,0,0
BRDA:268,11,1,0
BRDA:286,12,0,0
BRDA:286,12,1,0
BRDA:287,13,0,0
BRDA:287,13,1,0
BRDA:288,14,0,0
BRDA:288,14,1,0
BRDA:289,15,0,0
BRDA:289,15,1,0
BRDA:290,16,0,0
BRDA:290,16,1,0
BRDA:291,17,0,0
BRDA:291,17,1,0
BRDA:312,18,0,0
BRDA:312,18,1,0
BRDA:313,19,0,0
BRDA:313,19,1,0
BRDA:314,20,0,0
BRDA:314,20,1,0
BRDA:315,21,0,0
BRDA:315,21,1,0
BRDA:316,22,0,0
BRDA:316,22,1,0
BRDA:317,23,0,0
BRDA:317,23,1,0
BRDA:394,24,0,0
BRDA:394,24,1,0
BRDA:429,25,0,0
BRDA:429,25,1,0
BRDA:456,26,0,0
BRDA:456,26,1,0
BRDA:482,27,0,0
BRDA:482,27,1,0
BRDA:499,28,0,0
BRDA:499,28,1,0
BRDA:511,29,0,0
BRDA:511,29,1,0
BRDA:525,30,0,0
BRDA:525,30,1,0
BRDA:543,31,0,0
BRDA:543,31,1,0
BRDA:575,32,0,0
BRDA:575,32,1,0
BRDA:575,33,0,0
BRDA:575,33,1,0
BRDA:579,34,0,0
BRDA:579,34,1,0
BRDA:579,35,0,0
BRDA:579,35,1,0
BRDA:583,36,0,0
BRDA:583,36,1,0
BRDA:583,37,0,0
BRDA:583,37,1,0
BRDA:583,37,2,0
BRDA:587,38,0,0
BRDA:587,38,1,0
BRDA:587,39,0,0
BRDA:587,39,1,0
BRDA:587,39,2,0
BRDA:591,40,0,0
BRDA:591,40,1,0
BRDA:591,41,0,0
BRDA:591,41,1,0
BRDA:591,41,2,0
BRDA:595,42,0,0
BRDA:595,42,1,0
BRDA:595,43,0,0
BRDA:595,43,1,0
BRDA:595,43,2,0
BRF:97
BRH:0
end_of_record
TN:
SF:utils/recommendationEngine.js
FN:5,(anonymous_0)
FN:32,(anonymous_1)
FN:46,(anonymous_2)
FN:57,(anonymous_3)
FN:75,(anonymous_4)
FN:89,(anonymous_5)
FN:103,(anonymous_6)
FN:115,(anonymous_7)
FN:127,(anonymous_8)
FN:131,(anonymous_9)
FN:142,(anonymous_10)
FN:153,(anonymous_11)
FN:164,(anonymous_12)
FN:172,(anonymous_13)
FN:204,(anonymous_14)
FN:215,(anonymous_15)
FN:234,(anonymous_16)
FN:258,(anonymous_17)
FN:369,(anonymous_18)
FN:374,(anonymous_19)
FN:379,(anonymous_20)
FN:403,(anonymous_21)
FN:529,(anonymous_22)
FN:529,(anonymous_23)
FNF:24
FNH:0
FNDA:0,(anonymous_0)
FNDA:0,(anonymous_1)
FNDA:0,(anonymous_2)
FNDA:0,(anonymous_3)
FNDA:0,(anonymous_4)
FNDA:0,(anonymous_5)
FNDA:0,(anonymous_6)
FNDA:0,(anonymous_7)
FNDA:0,(anonymous_8)
FNDA:0,(anonymous_9)
FNDA:0,(anonymous_10)
FNDA:0,(anonymous_11)
FNDA:0,(anonymous_12)
FNDA:0,(anonymous_13)
FNDA:0,(anonymous_14)
FNDA:0,(anonymous_15)
FNDA:0,(anonymous_16)
FNDA:0,(anonymous_17)
FNDA:0,(anonymous_18)
FNDA:0,(anonymous_19)
FNDA:0,(anonymous_20)
FNDA:0,(anonymous_21)
FNDA:0,(anonymous_22)
FNDA:0,(anonymous_23)
DA:5,1
DA:6,0
DA:8,0
DA:9,0
DA:10,0
DA:12,0
DA:13,0
DA:14,0
DA:17,0
DA:24,0
DA:26,0
DA:27,0
DA:32,1
DA:33,0
DA:35,0
DA:36,0
DA:37,0
DA:38,0
DA:39,0
DA:42,0
DA:45,0
DA:46,0
DA:49,0
DA:51,0
DA:52,0
DA:57,1
DA:59,0
DA:62,0
DA:72,0
DA:75,0
DA:76,0
DA:77,0
DA:78,0
DA:79,0
DA:81,0
DA:82,0
DA:84,0
DA:89,0
DA:90,0
DA:91,0
DA:92,0
DA:93,0
DA:95,0
DA:96,0
DA:98,0
DA:103,0
DA:104,0
DA:105,0
DA:107,0
DA:108,0
DA:110,0
DA:115,0
DA:116,0
DA:117,0
DA:119,0
DA:120,0
DA:122,0
DA:127,0
DA:131,1
DA:132,0
DA:133,0
DA:134,0
DA:136,0
DA:137,0
DA:142,1
DA:143,0
DA:144,0
DA:145,0
DA:147,0
DA:148,0
DA:153,1
DA:154,0
DA:155,0
DA:156,0
DA:158,0
DA:159,0
DA:164,1
DA:165,0
DA:166,0
DA:169,0
DA:172,0
DA:174,0
DA:176,0
DA:177,0
DA:180,0
DA:188,0
DA:191,0
DA:194,0
DA:195,0
DA:196,0
DA:199,0
DA:204,1
DA:205,0
DA:207,0
DA:209,0
DA:210,0
DA:215,1
DA:216,0
DA:217,0
DA:229,0
DA:234,1
DA:235,0
DA:237,0
DA:238,0
DA:240,0
DA:241,0
DA:242,0
DA:245,0
DA:250,0
DA:252,0
DA:253,0
DA:258,1
DA:260,0
DA:368,0
DA:369,0
DA:373,0
DA:374,0
DA:379,1
DA:380,0
DA:382,0
DA:383,0
DA:385,0
DA:386,0
DA:387,0
DA:390,0
DA:395,0
DA:397,0
DA:398,0
DA:403,1
DA:405,0
DA:425,0
DA:428,0
DA:528,0
DA:529,0
LF:134
LH:13
BRDA:5,0,0,0
BRDA:8,1,0,0
BRDA:8,1,1,0
BRDA:12,2,0,0
BRDA:12,2,1,0
BRDA:32,3,0,0
BRDA:81,4,0,0
BRDA:81,4,1,0
BRDA:95,5,0,0
BRDA:95,5,1,0
BRDA:107,6,0,0
BRDA:107,6,1,0
BRDA:119,7,0,0
BRDA:119,7,1,0
BRDA:134,8,0,0
BRDA:134,8,1,0
BRDA:145,9,0,0
BRDA:145,9,1,0
BRDA:156,10,0,0
BRDA:156,10,1,0
BRDA:166,11,0,0
BRDA:166,11,1,0
BRDA:174,12,0,0
BRDA:174,12,1,0
BRDA:177,13,0,0
BRDA:177,13,1,0
BRDA:195,14,0,0
BRDA:195,14,1,0
BRDA:234,15,0,0
BRDA:240,16,0,0
BRDA:240,16,1,0
BRDA:368,17,0,0
BRDA:368,17,1,0
BRDA:379,18,0,0
BRDA:385,19,0,0
BRDA:385,19,1,0
BRDA:425,20,0,0
BRDA:425,20,1,0
BRF:38
BRH:0
end_of_record
TN:
SF:utils/related-products.js
FN:15,getRelatedProducts
FN:79,(anonymous_1)
FNF:2
FNH:0
FNDA:0,getRelatedProducts
FNDA:0,(anonymous_1)
DA:1,0
DA:4,0
DA:16,0
DA:18,0
DA:23,0
DA:25,0
DA:26,0
DA:29,0
DA:32,0
DA:33,0
DA:36,0
DA:60,0
DA:71,0
DA:72,0
DA:74,0
DA:79,0
DA:85,0
DA:91,0
DA:94,0
DA:96,0
DA:97,0
DA:101,0
LF:22
LH:0
BRDA:15,0,0,0
BRDA:25,1,0,0
BRDA:25,1,1,0
BRDA:71,2,0,0
BRDA:71,2,1,0
BRDA:79,3,0,0
BRDA:79,3,1,0
BRF:7
BRH:0
end_of_record
TN:
SF:utils/scheduler.js
FN:12,initialize
FN:34,(anonymous_1)
FN:51,scheduleCampaign
FN:68,(anonymous_3)
FN:89,getCronExpression
FN:137,executeCampaignBatch
FN:263,performMaintenance
FN:314,stopAll
FNF:8
FNH:0
FNDA:0,initialize
FNDA:0,(anonymous_1)
FNDA:0,scheduleCampaign
FNDA:0,(anonymous_3)
FNDA:0,getCronExpression
FNDA:0,executeCampaignBatch
FNDA:0,performMaintenance
FNDA:0,stopAll
DA:4,0
DA:5,0
DA:6,0
DA:9,0
DA:13,0
DA:17,0
DA:24,0
DA:27,0
DA:28,0
DA:34,0
DA:35,0
DA:38,0
DA:40,0
DA:41,0
DA:52,0
DA:54,0
DA:55,0
DA:56,0
DA:60,0
DA:62,0
DA:63,0
DA:64,0
DA:68,0
DA:69,0
DA:73,0
DA:77,0
DA:79,0
DA:80,0
DA:90,0
DA:91,0
DA:94,0
DA:95,0
DA:99,0
DA:102,0
DA:103,0
DA:107,0
DA:111,0
DA:115,0
DA:119,0
DA:123,0
DA:126,0
DA:127,0
DA:138,0
DA:142,0
DA:147,0
DA:149,0
DA:150,0
DA:151,0
DA:154,0
DA:157,0
DA:161,0
DA:162,0
DA:163,0
DA:166,0
DA:170,0
DA:174,0
DA:181,0
DA:182,0
DA:183,0
DA:186,0
DA:190,0
DA:193,0
DA:202,0
DA:203,0
DA:205,0
DA:209,0
DA:215,0
DA:217,0
DA:221,0
DA:228,0
DA:229,0
DA:230,0
DA:234,0
DA:238,0
DA:239,0
DA:247,0
DA:251,0
DA:255,0
DA:264,0
DA:268,0
DA:276,0
DA:279,0
DA:280,0
DA:284,0
DA:293,0
DA:296,0
DA:297,0
DA:298,0
DA:299,0
DA:306,0
DA:315,0
DA:316,0
DA:320,0
DA:324,0
LF:94
LH:0
BRDA:54,0,0,0
BRDA:54,0,1,0
BRDA:62,1,0,0
BRDA:62,1,1,0
BRDA:91,2,0,0
BRDA:91,2,1,0
BRDA:94,3,0,0
BRDA:94,3,1,0
BRDA:99,4,0,0
BRDA:99,4,1,0
BRDA:99,4,2,0
BRDA:99,4,3,0
BRDA:99,4,4,0
BRDA:99,4,5,0
BRDA:107,5,0,0
BRDA:107,5,1,0
BRDA:111,6,0,0
BRDA:111,6,1,0
BRDA:111,7,0,0
BRDA:111,7,1,0
BRDA:115,8,0,0
BRDA:115,8,1,0
BRDA:115,9,0,0
BRDA:115,9,1,0
BRDA:115,10,0,0
BRDA:115,10,1,0
BRDA:119,11,0,0
BRDA:119,11,1,0
BRDA:119,12,0,0
BRDA:119,12,1,0
BRDA:119,13,0,0
BRDA:119,13,1,0
BRDA:149,14,0,0
BRDA:149,14,1,0
BRDA:157,15,0,0
BRDA:157,15,1,0
BRDA:157,16,0,0
BRDA:157,16,1,0
BRDA:161,17,0,0
BRDA:161,17,1,0
BRDA:170,18,0,0
BRDA:170,18,1,0
BRDA:170,19,0,0
BRDA:170,19,1,0
BRDA:181,20,0,0
BRDA:181,20,1,0
BRDA:190,21,0,0
BRDA:190,21,1,0
BRDA:205,22,0,0
BRDA:205,22,1,0
BRDA:217,23,0,0
BRDA:217,23,1,0
BRDA:228,24,0,0
BRDA:228,24,1,0
BRDA:238,25,0,0
BRDA:238,25,1,0
BRDA:251,26,0,0
BRDA:251,26,1,0
BRDA:273,27,0,0
BRDA:273,27,1,0
BRDA:286,28,0,0
BRDA:286,28,1,0
BRDA:297,29,0,0
BRDA:297,29,1,0
BRF:64
BRH:0
end_of_record
TN:
SF:utils/searchAnalytics.js
FN:4,(anonymous_0)
FN:37,(anonymous_1)
FN:70,(anonymous_2)
FN:81,(anonymous_3)
FN:92,(anonymous_4)
FN:97,(anonymous_5)
FN:105,(anonymous_6)
FN:106,(anonymous_7)
FN:117,(anonymous_8)
FN:122,(anonymous_9)
FN:125,(anonymous_10)
FN:133,(anonymous_11)
FN:134,(anonymous_12)
FN:144,(anonymous_13)
FN:160,(anonymous_14)
FN:172,(anonymous_15)
FN:198,(anonymous_16)
FNF:17
FNH:0
FNDA:0,(anonymous_0)
FNDA:0,(anonymous_1)
FNDA:0,(anonymous_2)
FNDA:0,(anonymous_3)
FNDA:0,(anonymous_4)
FNDA:0,(anonymous_5)
FNDA:0,(anonymous_6)
FNDA:0,(anonymous_7)
FNDA:0,(anonymous_8)
FNDA:0,(anonymous_9)
FNDA:0,(anonymous_10)
FNDA:0,(anonymous_11)
FNDA:0,(anonymous_12)
FNDA:0,(anonymous_13)
FNDA:0,(anonymous_14)
FNDA:0,(anonymous_15)
FNDA:0,(anonymous_16)
DA:4,1
DA:5,0
DA:6,0
DA:9,0
DA:12,0
DA:21,0
DA:24,0
DA:27,0
DA:30,0
DA:32,0
DA:37,1
DA:38,0
DA:39,0
DA:42,0
DA:45,0
DA:54,0
DA:57,0
DA:60,0
DA:63,0
DA:65,0
DA:70,1
DA:71,0
DA:72,0
DA:73,0
DA:75,0
DA:76,0
DA:81,1
DA:82,0
DA:83,0
DA:84,0
DA:86,0
DA:87,0
DA:92,1
DA:93,0
DA:94,0
DA:97,0
DA:98,0
DA:99,0
DA:100,0
DA:104,0
DA:105,0
DA:106,0
DA:109,0
DA:111,0
DA:112,0
DA:117,1
DA:118,0
DA:119,0
DA:122,0
DA:125,0
DA:126,0
DA:127,0
DA:128,0
DA:132,0
DA:133,0
DA:134,0
DA:136,0
DA:138,0
DA:139,0
DA:144,1
DA:145,0
DA:146,0
DA:147,0
DA:149,0
DA:151,0
DA:152,0
DA:154,0
DA:155,0
DA:160,1
DA:161,0
DA:163,0
DA:164,0
DA:165,0
DA:168,0
DA:172,1
DA:173,0
DA:193,0
DA:198,1
DA:199,0
DA:219,0
LF:80
LH:10
BRDA:4,0,0,0
BRDA:4,1,0,0
BRDA:6,2,0,0
BRDA:6,2,1,0
BRDA:6,3,0,0
BRDA:6,3,1,0
BRDA:15,4,0,0
BRDA:15,4,1,0
BRDA:39,5,0,0
BRDA:39,5,1,0
BRDA:39,6,0,0
BRDA:39,6,1,0
BRDA:73,7,0,0
BRDA:73,7,1,0
BRDA:84,8,0,0
BRDA:84,8,1,0
BRDA:92,9,0,0
BRDA:99,10,0,0
BRDA:99,10,1,0
BRDA:127,11,0,0
BRDA:127,11,1,0
BRDA:149,12,0,0
BRDA:149,12,1,0
BRDA:163,13,0,0
BRDA:163,13,1,0
BRF:25
BRH:0
end_of_record
TN:
SF:utils/sitemap.js
FN:12,generateSitemap
FN:40,(anonymous_1)
FN:49,(anonymous_2)
FN:59,(anonymous_3)
FNF:4
FNH:0
FNDA:0,generateSitemap
FNDA:0,(anonymous_1)
FNDA:0,(anonymous_2)
FNDA:0,(anonymous_3)
DA:1,0
DA:2,0
DA:3,0
DA:6,0
DA:13,0
DA:15,0
DA:18,0
DA:21,0
DA:24,0
DA:27,0
DA:28,0
DA:31,0
DA:40,0
DA:41,0
DA:42,0
DA:43,0
DA:44,0
DA:45,0
DA:49,0
DA:50,0
DA:51,0
DA:52,0
DA:53,0
DA:54,0
DA:55,0
DA:59,0
DA:60,0
DA:61,0
DA:62,0
DA:63,0
DA:64,0
DA:65,0
DA:69,0
DA:72,0
DA:73,0
DA:76,0
DA:78,0
DA:79,0
DA:83,0
LF:39
LH:0
BRF:0
BRH:0
end_of_record
TN:
SF:utils/slugify.js
FN:6,(anonymous_0)
FNF:1
FNH:0
FNDA:0,(anonymous_0)
DA:6,0
DA:7,0
DA:19,0
LF:3
LH:0
BRF:0
BRH:0
end_of_record
TN:
SF:utils/connectors/emailConnector.js
FN:11,initialize
FN:60,sendMessage
FN:156,getSenderInfo
FN:232,logEmailSend
FNF:4
FNH:0
FNDA:0,initialize
FNDA:0,sendMessage
FNDA:0,getSenderInfo
FNDA:0,logEmailSend
DA:4,0
DA:5,0
DA:12,0
DA:14,0
DA:21,0
DA:23,0
DA:24,0
DA:25,0
DA:28,0
DA:29,0
DA:32,0
DA:43,0
DA:46,0
DA:48,0
DA:49,0
DA:61,0
DA:63,0
DA:64,0
DA:65,0
DA:66,0
DA:71,0
DA:74,0
DA:75,0
DA:79,0
DA:91,0
DA:92,0
DA:96,0
DA:97,0
DA:101,0
DA:102,0
DA:106,0
DA:109,0
DA:121,0
DA:127,0
DA:130,0
DA:131,0
DA:143,0
DA:157,0
DA:158,0
DA:160,0
DA:165,0
DA:167,0
DA:168,0
DA:173,0
DA:179,0
DA:181,0
DA:182,0
DA:186,0
DA:193,0
DA:195,0
DA:196,0
DA:197,0
DA:199,0
DA:208,0
DA:215,0
DA:218,0
DA:233,0
DA:234,0
DA:249,0
DA:262,0
DA:264,0
DA:269,0
LF:62
LH:0
BRDA:23,0,0,0
BRDA:23,0,1,0
BRDA:60,1,0,0
BRDA:63,2,0,0
BRDA:63,2,1,0
BRDA:65,3,0,0
BRDA:65,3,1,0
BRDA:74,4,0,0
BRDA:74,4,1,0
BRDA:82,5,0,0
BRDA:82,5,1,0
BRDA:85,6,0,0
BRDA:85,6,1,0
BRDA:86,7,0,0
BRDA:86,7,1,0
BRDA:91,8,0,0
BRDA:91,8,1,0
BRDA:96,9,0,0
BRDA:96,9,1,0
BRDA:101,10,0,0
BRDA:101,10,1,0
BRDA:101,11,0,0
BRDA:101,11,1,0
BRDA:130,12,0,0
BRDA:130,12,1,0
BRDA:130,13,0,0
BRDA:130,13,1,0
BRDA:158,14,0,0
BRDA:158,14,1,0
BRDA:167,15,0,0
BRDA:167,15,1,0
BRDA:181,16,0,0
BRDA:181,16,1,0
BRDA:195,17,0,0
BRDA:195,17,1,0
BRDA:201,18,0,0
BRDA:201,18,1,0
BRF:37
BRH:0
end_of_record
TN:
SF:utils/connectors/facebookConnector.js
FN:11,initialize
FN:46,sendMessage
FN:93,getSenderInfo
FN:150,sendViaMessengerApi
FN:210,refreshAccessTokenIfNeeded
FN:252,updateConfigInDatabase
FN:272,logFacebookSend
FNF:7
FNH:0
FNDA:0,initialize
FNDA:0,sendMessage
FNDA:0,getSenderInfo
FNDA:0,sendViaMessengerApi
FNDA:0,refreshAccessTokenIfNeeded
FNDA:0,updateConfigInDatabase
FNDA:0,logFacebookSend
DA:4,0
DA:5,0
DA:8,0
DA:12,0
DA:14,0
DA:21,0
DA:23,0
DA:24,0
DA:25,0
DA:28,0
DA:29,0
DA:32,0
DA:34,0
DA:35,0
DA:47,0
DA:49,0
DA:50,0
DA:51,0
DA:52,0
DA:57,0
DA:58,0
DA:62,0
DA:65,0
DA:67,0
DA:70,0
DA:80,0
DA:94,0
DA:95,0
DA:97,0
DA:102,0
DA:104,0
DA:105,0
DA:110,0
DA:116,0
DA:118,0
DA:119,0
DA:123,0
DA:130,0
DA:133,0
DA:151,0
DA:153,0
DA:156,0
DA:177,0
DA:188,0
DA:194,0
DA:197,0
DA:198,0
DA:199,0
DA:202,0
DA:211,0
DA:213,0
DA:214,0
DA:216,0
DA:220,0
DA:233,0
DA:234,0
DA:235,0
DA:238,0
DA:243,0
DA:244,0
DA:253,0
DA:254,0
DA:260,0
DA:262,0
DA:273,0
DA:274,0
DA:288,0
DA:300,0
DA:302,0
DA:307,0
LF:70
LH:0
BRDA:23,0,0,0
BRDA:23,0,1,0
BRDA:46,1,0,0
BRDA:49,2,0,0
BRDA:49,2,1,0
BRDA:51,3,0,0
BRDA:51,3,1,0
BRDA:57,4,0,0
BRDA:57,4,1,0
BRDA:57,5,0,0
BRDA:57,5,1,0
BRDA:95,6,0,0
BRDA:95,6,1,0
BRDA:104,7,0,0
BRDA:104,7,1,0
BRDA:118,8,0,0
BRDA:118,8,1,0
BRDA:125,9,0,0
BRDA:125,9,1,0
BRDA:150,10,0,0
BRDA:197,11,0,0
BRDA:197,11,1,0
BRDA:197,12,0,0
BRDA:197,12,1,0
BRDA:214,13,0,0
BRDA:214,13,1,0
BRDA:216,14,0,0
BRDA:216,14,1,0
BRF:28
BRH:0
end_of_record
TN:
SF:utils/connectors/instagramConnector.js
FN:11,initialize
FN:46,sendMessage
FN:97,getSenderInfo
FN:154,sendViaOfficialApi
FN:218,sendViaAutomation
FN:224,(anonymous_5)
FN:257,refreshAccessTokenIfNeeded
FN:299,updateConfigInDatabase
FN:319,logInstagramSend
FNF:9
FNH:0
FNDA:0,initialize
FNDA:0,sendMessage
FNDA:0,getSenderInfo
FNDA:0,sendViaOfficialApi
FNDA:0,sendViaAutomation
FNDA:0,(anonymous_5)
FNDA:0,refreshAccessTokenIfNeeded
FNDA:0,updateConfigInDatabase
FNDA:0,logInstagramSend
DA:4,0
DA:5,0
DA:8,0
DA:12,0
DA:14,0
DA:21,0
DA:23,0
DA:24,0
DA:25,0
DA:28,0
DA:29,0
DA:32,0
DA:34,0
DA:35,0
DA:47,0
DA:49,0
DA:50,0
DA:51,0
DA:52,0
DA:57,0
DA:58,0
DA:62,0
DA:65,0
DA:66,0
DA:68,0
DA:71,0
DA:74,0
DA:84,0
DA:98,0
DA:99,0
DA:101,0
DA:106,0
DA:108,0
DA:109,0
DA:114,0
DA:120,0
DA:122,0
DA:123,0
DA:127,0
DA:134,0
DA:137,0
DA:155,0
DA:157,0
DA:160,0
DA:181,0
DA:192,0
DA:198,0
DA:201,0
DA:202,0
DA:203,0
DA:206,0
DA:219,0
DA:224,0
DA:227,0
DA:230,0
DA:241,0
DA:248,0
DA:249,0
DA:258,0
DA:260,0
DA:261,0
DA:263,0
DA:267,0
DA:280,0
DA:281,0
DA:282,0
DA:285,0
DA:290,0
DA:291,0
DA:300,0
DA:301,0
DA:307,0
DA:309,0
DA:320,0
DA:321,0
DA:335,0
DA:347,0
DA:349,0
DA:354,0
LF:79
LH:0
BRDA:23,0,0,0
BRDA:23,0,1,0
BRDA:46,1,0,0
BRDA:49,2,0,0
BRDA:49,2,1,0
BRDA:51,3,0,0
BRDA:51,3,1,0
BRDA:57,4,0,0
BRDA:57,4,1,0
BRDA:57,5,0,0
BRDA:57,5,1,0
BRDA:65,6,0,0
BRDA:65,6,1,0
BRDA:99,7,0,0
BRDA:99,7,1,0
BRDA:108,8,0,0
BRDA:108,8,1,0
BRDA:122,9,0,0
BRDA:122,9,1,0
BRDA:129,10,0,0
BRDA:129,10,1,0
BRDA:154,11,0,0
BRDA:201,12,0,0
BRDA:201,12,1,0
BRDA:201,13,0,0
BRDA:201,13,1,0
BRDA:218,14,0,0
BRDA:261,15,0,0
BRDA:261,15,1,0
BRDA:263,16,0,0
BRDA:263,16,1,0
BRF:31
BRH:0
end_of_record
TN:
SF:utils/connectors/linkedinConnector.js
FN:11,initialize
FN:46,sendMessage
FN:97,getSenderInfo
FN:154,sendViaOfficialApi
FN:226,sendViaAutomation
FN:232,(anonymous_5)
FN:265,refreshAccessTokenIfNeeded
FN:311,updateConfigInDatabase
FN:331,logLinkedInSend
FNF:9
FNH:0
FNDA:0,initialize
FNDA:0,sendMessage
FNDA:0,getSenderInfo
FNDA:0,sendViaOfficialApi
FNDA:0,sendViaAutomation
FNDA:0,(anonymous_5)
FNDA:0,refreshAccessTokenIfNeeded
FNDA:0,updateConfigInDatabase
FNDA:0,logLinkedInSend
DA:4,0
DA:5,0
DA:8,0
DA:12,0
DA:14,0
DA:21,0
DA:23,0
DA:24,0
DA:25,0
DA:28,0
DA:29,0
DA:32,0
DA:34,0
DA:35,0
DA:47,0
DA:49,0
DA:50,0
DA:51,0
DA:52,0
DA:57,0
DA:58,0
DA:62,0
DA:65,0
DA:66,0
DA:68,0
DA:71,0
DA:74,0
DA:84,0
DA:98,0
DA:99,0
DA:101,0
DA:106,0
DA:108,0
DA:109,0
DA:114,0
DA:120,0
DA:122,0
DA:123,0
DA:127,0
DA:134,0
DA:137,0
DA:155,0
DA:157,0
DA:160,0
DA:189,0
DA:200,0
DA:206,0
DA:209,0
DA:210,0
DA:211,0
DA:214,0
DA:227,0
DA:232,0
DA:235,0
DA:238,0
DA:249,0
DA:256,0
DA:257,0
DA:266,0
DA:268,0
DA:269,0
DA:271,0
DA:275,0
DA:291,0
DA:292,0
DA:293,0
DA:294,0
DA:297,0
DA:302,0
DA:303,0
DA:312,0
DA:313,0
DA:319,0
DA:321,0
DA:332,0
DA:333,0
DA:347,0
DA:359,0
DA:361,0
DA:366,0
LF:80
LH:0
BRDA:23,0,0,0
BRDA:23,0,1,0
BRDA:46,1,0,0
BRDA:49,2,0,0
BRDA:49,2,1,0
BRDA:51,3,0,0
BRDA:51,3,1,0
BRDA:57,4,0,0
BRDA:57,4,1,0
BRDA:57,5,0,0
BRDA:57,5,1,0
BRDA:65,6,0,0
BRDA:65,6,1,0
BRDA:99,7,0,0
BRDA:99,7,1,0
BRDA:108,8,0,0
BRDA:108,8,1,0
BRDA:122,9,0,0
BRDA:122,9,1,0
BRDA:129,10,0,0
BRDA:129,10,1,0
BRDA:154,11,0,0
BRDA:209,12,0,0
BRDA:209,12,1,0
BRDA:209,13,0,0
BRDA:209,13,1,0
BRDA:226,14,0,0
BRDA:269,15,0,0
BRDA:269,15,1,0
BRDA:271,16,0,0
BRDA:271,16,1,0
BRDA:292,17,0,0
BRDA:292,17,1,0
BRF:33
BRH:0
end_of_record
TN:
SF:utils/connectors/telegramConnector.js
FN:12,initialize
FN:61,sendMessage
FN:133,getSenderInfo
FN:187,logTelegramSend
FN:226,stop
FNF:5
FNH:0
FNDA:0,initialize
FNDA:0,sendMessage
FNDA:0,getSenderInfo
FNDA:0,logTelegramSend
FNDA:0,stop
DA:4,0
DA:5,0
DA:8,0
DA:9,0
DA:13,0
DA:15,0
DA:22,0
DA:24,0
DA:25,0
DA:26,0
DA:29,0
DA:30,0
DA:33,0
DA:36,0
DA:38,0
DA:42,0
DA:47,0
DA:49,0
DA:50,0
DA:62,0
DA:64,0
DA:65,0
DA:66,0
DA:67,0
DA:72,0
DA:73,0
DA:77,0
DA:80,0
DA:90,0
DA:101,0
DA:107,0
DA:110,0
DA:120,0
DA:134,0
DA:135,0
DA:137,0
DA:142,0
DA:144,0
DA:145,0
DA:150,0
DA:156,0
DA:158,0
DA:159,0
DA:163,0
DA:170,0
DA:173,0
DA:188,0
DA:189,0
DA:203,0
DA:215,0
DA:217,0
DA:227,0
DA:228,0
DA:229,0
DA:231,0
DA:237,0
LF:56
LH:0
BRDA:24,0,0,0
BRDA:24,0,1,0
BRDA:36,1,0,0
BRDA:36,1,1,0
BRDA:61,2,0,0
BRDA:64,3,0,0
BRDA:64,3,1,0
BRDA:66,4,0,0
BRDA:66,4,1,0
BRDA:72,5,0,0
BRDA:72,5,1,0
BRDA:72,6,0,0
BRDA:72,6,1,0
BRDA:85,7,0,0
BRDA:85,7,1,0
BRDA:135,8,0,0
BRDA:135,8,1,0
BRDA:144,9,0,0
BRDA:144,9,1,0
BRDA:158,10,0,0
BRDA:158,10,1,0
BRDA:165,11,0,0
BRDA:165,11,1,0
BRDA:227,12,0,0
BRDA:227,12,1,0
BRDA:228,13,0,0
BRDA:228,13,1,0
BRF:27
BRH:0
end_of_record
TN:
SF:utils/connectors/whatsappConnector.js
FN:11,initialize
FN:46,sendMessage
FN:100,formatPhoneNumber
FN:124,sendViaTwilio
FN:162,sendViaMessageBird
FN:166,(anonymous_5)
FN:174,(anonymous_6)
FN:212,sendViaWhatsAppBusiness
FN:263,logWhatsAppSend
FNF:9
FNH:0
FNDA:0,initialize
FNDA:0,sendMessage
FNDA:0,formatPhoneNumber
FNDA:0,sendViaTwilio
FNDA:0,sendViaMessageBird
FNDA:0,(anonymous_5)
FNDA:0,(anonymous_6)
FNDA:0,sendViaWhatsAppBusiness
FNDA:0,logWhatsAppSend
DA:4,0
DA:5,0
DA:8,0
DA:12,0
DA:14,0
DA:21,0
DA:23,0
DA:24,0
DA:25,0
DA:28,0
DA:29,0
DA:32,0
DA:34,0
DA:35,0
DA:47,0
DA:49,0
DA:50,0
DA:51,0
DA:52,0
DA:57,0
DA:58,0
DA:62,0
DA:65,0
DA:66,0
DA:67,0
DA:68,0
DA:69,0
DA:70,0
DA:72,0
DA:75,0
DA:78,0
DA:87,0
DA:102,0
DA:105,0
DA:106,0
DA:110,0
DA:111,0
DA:114,0
DA:125,0
DA:126,0
DA:128,0
DA:135,0
DA:144,0
DA:150,0
DA:151,0
DA:163,0
DA:164,0
DA:166,0
DA:167,0
DA:175,0
DA:176,0
DA:178,0
DA:185,0
DA:194,0
DA:200,0
DA:201,0
DA:213,0
DA:215,0
DA:217,0
DA:238,0
DA:247,0
DA:253,0
DA:254,0
DA:264,0
DA:265,0
DA:277,0
DA:287,0
DA:289,0
DA:294,0
LF:69
LH:0
BRDA:23,0,0,0
BRDA:23,0,1,0
BRDA:46,1,0,0
BRDA:49,2,0,0
BRDA:49,2,1,0
BRDA:51,3,0,0
BRDA:51,3,1,0
BRDA:57,4,0,0
BRDA:57,4,1,0
BRDA:65,5,0,0
BRDA:65,5,1,0
BRDA:67,6,0,0
BRDA:67,6,1,0
BRDA:69,7,0,0
BRDA:69,7,1,0
BRDA:105,8,0,0
BRDA:105,8,1,0
BRDA:105,9,0,0
BRDA:105,9,1,0
BRDA:110,10,0,0
BRDA:110,10,1,0
BRDA:124,11,0,0
BRDA:162,12,0,0
BRDA:175,13,0,0
BRDA:175,13,1,0
BRDA:212,14,0,0
BRF:26
BRH:0
end_of_record
